{"C:\\Users\\PC Gamer\\OneDrive\\Documentos\\GitHub\\looqbox-frontend-challenge\\src\\App.tsx": {"path":"C:\\Users\\PC Gamer\\OneDrive\\Documentos\\GitHub\\looqbox-frontend-challenge\\src\\App.tsx","all":false,"statementMap":{"0":{"start":{"line":1,"column":0},"end":{"line":1,"column":44}},"1":{"start":{"line":2,"column":0},"end":{"line":2,"column":32}},"2":{"start":{"line":3,"column":0},"end":{"line":3,"column":33}},"3":{"start":{"line":4,"column":0},"end":{"line":4,"column":60}},"5":{"start":{"line":6,"column":0},"end":{"line":6,"column":16}},"6":{"start":{"line":7,"column":0},"end":{"line":7,"column":35}},"8":{"start":{"line":9,"column":0},"end":{"line":9,"column":10}},"9":{"start":{"line":10,"column":0},"end":{"line":10,"column":13}},"10":{"start":{"line":11,"column":0},"end":{"line":11,"column":16}},"11":{"start":{"line":12,"column":0},"end":{"line":12,"column":93}},"12":{"start":{"line":13,"column":0},"end":{"line":13,"column":25}},"13":{"start":{"line":14,"column":0},"end":{"line":14,"column":14}},"16":{"start":{"line":17,"column":0},"end":{"line":17,"column":15}},"17":{"start":{"line":18,"column":0},"end":{"line":18,"column":15}},"19":{"start":{"line":20,"column":0},"end":{"line":20,"column":1}},"21":{"start":{"line":22,"column":0},"end":{"line":22,"column":18}}},"s":{"0":1,"1":1,"2":1,"3":1,"5":1,"6":1,"8":1,"9":1,"10":1,"11":1,"12":1,"13":1,"16":1,"17":1,"19":1,"21":1},"branchMap":{"0":{"type":"branch","line":6,"loc":{"start":{"line":6,"column":0},"end":{"line":20,"column":1}},"locations":[{"start":{"line":6,"column":0},"end":{"line":20,"column":1}}]}},"b":{"0":[1]},"fnMap":{"0":{"name":"App","decl":{"start":{"line":6,"column":0},"end":{"line":20,"column":1}},"loc":{"start":{"line":6,"column":0},"end":{"line":20,"column":1}},"line":6}},"f":{"0":1}}
,"C:\\Users\\PC Gamer\\OneDrive\\Documentos\\GitHub\\looqbox-frontend-challenge\\src\\main.tsx": {"path":"C:\\Users\\PC Gamer\\OneDrive\\Documentos\\GitHub\\looqbox-frontend-challenge\\src\\main.tsx","all":true,"statementMap":{"0":{"start":{"line":1,"column":0},"end":{"line":1,"column":34}},"1":{"start":{"line":2,"column":0},"end":{"line":2,"column":45}},"2":{"start":{"line":3,"column":0},"end":{"line":3,"column":20}},"3":{"start":{"line":4,"column":0},"end":{"line":4,"column":27}},"4":{"start":{"line":5,"column":0},"end":{"line":5,"column":72}},"5":{"start":{"line":6,"column":0},"end":{"line":6,"column":38}},"6":{"start":{"line":7,"column":0},"end":{"line":7,"column":40}},"7":{"start":{"line":8,"column":0},"end":{"line":8,"column":37}},"8":{"start":{"line":9,"column":0},"end":{"line":9,"column":51}},"9":{"start":{"line":10,"column":0},"end":{"line":10,"column":48}},"10":{"start":{"line":11,"column":0},"end":{"line":11,"column":0}},"11":{"start":{"line":12,"column":0},"end":{"line":12,"column":37}},"12":{"start":{"line":13,"column":0},"end":{"line":13,"column":0}},"13":{"start":{"line":14,"column":0},"end":{"line":14,"column":52}},"14":{"start":{"line":15,"column":0},"end":{"line":15,"column":14}},"15":{"start":{"line":16,"column":0},"end":{"line":16,"column":19}},"16":{"start":{"line":17,"column":0},"end":{"line":17,"column":48}},"17":{"start":{"line":18,"column":0},"end":{"line":18,"column":54}},"18":{"start":{"line":19,"column":0},"end":{"line":19,"column":34}},"19":{"start":{"line":20,"column":0},"end":{"line":20,"column":19}},"20":{"start":{"line":21,"column":0},"end":{"line":21,"column":21}},"21":{"start":{"line":22,"column":0},"end":{"line":22,"column":25}},"22":{"start":{"line":23,"column":0},"end":{"line":23,"column":28}},"23":{"start":{"line":24,"column":0},"end":{"line":24,"column":20}},"24":{"start":{"line":25,"column":0},"end":{"line":25,"column":16}},"25":{"start":{"line":26,"column":0},"end":{"line":26,"column":1}}},"s":{"0":0,"1":0,"2":0,"3":0,"4":0,"5":0,"6":0,"7":0,"8":0,"9":0,"10":0,"11":0,"12":0,"13":0,"14":0,"15":0,"16":0,"17":0,"18":0,"19":0,"20":0,"21":0,"22":0,"23":0,"24":0,"25":0},"branchMap":{"0":{"type":"branch","line":1,"loc":{"start":{"line":1,"column":0},"end":{"line":26,"column":1}},"locations":[{"start":{"line":1,"column":0},"end":{"line":26,"column":1}}]}},"b":{"0":[0]},"fnMap":{"0":{"name":"(empty-report)","decl":{"start":{"line":1,"column":0},"end":{"line":26,"column":1}},"loc":{"start":{"line":1,"column":0},"end":{"line":26,"column":1}},"line":1}},"f":{"0":0}}
,"C:\\Users\\PC Gamer\\OneDrive\\Documentos\\GitHub\\looqbox-frontend-challenge\\src\\api\\abilities.ts": {"path":"C:\\Users\\PC Gamer\\OneDrive\\Documentos\\GitHub\\looqbox-frontend-challenge\\src\\api\\abilities.ts","all":false,"statementMap":{"0":{"start":{"line":1,"column":0},"end":{"line":1,"column":34}},"47":{"start":{"line":48,"column":0},"end":{"line":48,"column":70}},"48":{"start":{"line":49,"column":0},"end":{"line":49,"column":42}},"49":{"start":{"line":50,"column":0},"end":{"line":50,"column":38}},"50":{"start":{"line":51,"column":0},"end":{"line":51,"column":72}},"51":{"start":{"line":52,"column":0},"end":{"line":52,"column":17}},"52":{"start":{"line":53,"column":0},"end":{"line":53,"column":7}},"53":{"start":{"line":54,"column":0},"end":{"line":54,"column":3}},"55":{"start":{"line":56,"column":0},"end":{"line":56,"column":22}},"56":{"start":{"line":57,"column":0},"end":{"line":57,"column":1}}},"s":{"0":1,"47":1,"48":3,"49":3,"50":3,"51":2,"52":3,"53":3,"55":2,"56":2},"branchMap":{"0":{"type":"branch","line":48,"loc":{"start":{"line":48,"column":35},"end":{"line":57,"column":1}},"locations":[{"start":{"line":48,"column":35},"end":{"line":57,"column":1}}]},"1":{"type":"branch","line":54,"loc":{"start":{"line":54,"column":2},"end":{"line":57,"column":1}},"locations":[{"start":{"line":54,"column":2},"end":{"line":57,"column":1}}]},"2":{"type":"branch","line":50,"loc":{"start":{"line":50,"column":18},"end":{"line":53,"column":5}},"locations":[{"start":{"line":50,"column":18},"end":{"line":53,"column":5}}]},"3":{"type":"branch","line":51,"loc":{"start":{"line":51,"column":71},"end":{"line":52,"column":17}},"locations":[{"start":{"line":51,"column":71},"end":{"line":52,"column":17}}]}},"b":{"0":[3],"1":[2],"2":[3],"3":[2]},"fnMap":{"0":{"name":"getPokemonAbilities","decl":{"start":{"line":48,"column":35},"end":{"line":57,"column":1}},"loc":{"start":{"line":48,"column":35},"end":{"line":57,"column":1}},"line":48}},"f":{"0":3}}
,"C:\\Users\\PC Gamer\\OneDrive\\Documentos\\GitHub\\looqbox-frontend-challenge\\src\\api\\moves.ts": {"path":"C:\\Users\\PC Gamer\\OneDrive\\Documentos\\GitHub\\looqbox-frontend-challenge\\src\\api\\moves.ts","all":false,"statementMap":{"0":{"start":{"line":1,"column":0},"end":{"line":1,"column":34}},"43":{"start":{"line":44,"column":0},"end":{"line":44,"column":75}},"44":{"start":{"line":45,"column":0},"end":{"line":45,"column":49}},"45":{"start":{"line":46,"column":0},"end":{"line":46,"column":13}},"46":{"start":{"line":47,"column":0},"end":{"line":47,"column":1}}},"s":{"0":1,"43":1,"44":5,"45":2,"46":2},"branchMap":{"0":{"type":"branch","line":44,"loc":{"start":{"line":44,"column":30},"end":{"line":47,"column":1}},"locations":[{"start":{"line":44,"column":30},"end":{"line":47,"column":1}}]},"1":{"type":"branch","line":45,"loc":{"start":{"line":45,"column":48},"end":{"line":47,"column":1}},"locations":[{"start":{"line":45,"column":48},"end":{"line":47,"column":1}}]}},"b":{"0":[5],"1":[2]},"fnMap":{"0":{"name":"getPokemonMove","decl":{"start":{"line":44,"column":30},"end":{"line":47,"column":1}},"loc":{"start":{"line":44,"column":30},"end":{"line":47,"column":1}},"line":44}},"f":{"0":5}}
,"C:\\Users\\PC Gamer\\OneDrive\\Documentos\\GitHub\\looqbox-frontend-challenge\\src\\api\\pokemon.ts": {"path":"C:\\Users\\PC Gamer\\OneDrive\\Documentos\\GitHub\\looqbox-frontend-challenge\\src\\api\\pokemon.ts","all":false,"statementMap":{"0":{"start":{"line":1,"column":0},"end":{"line":1,"column":34}},"1":{"start":{"line":2,"column":0},"end":{"line":2,"column":49}},"2":{"start":{"line":3,"column":0},"end":{"line":3,"column":73}},"3":{"start":{"line":4,"column":0},"end":{"line":4,"column":41}},"71":{"start":{"line":72,"column":0},"end":{"line":72,"column":43}},"72":{"start":{"line":73,"column":0},"end":{"line":73,"column":21}},"73":{"start":{"line":74,"column":0},"end":{"line":74,"column":21}},"74":{"start":{"line":75,"column":0},"end":{"line":75,"column":16}},"75":{"start":{"line":76,"column":0},"end":{"line":76,"column":60}},"76":{"start":{"line":77,"column":0},"end":{"line":77,"column":13}},"77":{"start":{"line":78,"column":0},"end":{"line":78,"column":9}},"78":{"start":{"line":79,"column":0},"end":{"line":79,"column":78}},"79":{"start":{"line":80,"column":0},"end":{"line":80,"column":48}},"80":{"start":{"line":81,"column":0},"end":{"line":81,"column":13}},"81":{"start":{"line":82,"column":0},"end":{"line":82,"column":44}},"82":{"start":{"line":83,"column":0},"end":{"line":83,"column":5}},"83":{"start":{"line":84,"column":0},"end":{"line":84,"column":3}},"85":{"start":{"line":86,"column":0},"end":{"line":86,"column":34}},"88":{"start":{"line":89,"column":0},"end":{"line":89,"column":47}},"90":{"start":{"line":91,"column":0},"end":{"line":91,"column":37}},"91":{"start":{"line":92,"column":0},"end":{"line":92,"column":35}},"92":{"start":{"line":93,"column":0},"end":{"line":93,"column":75}},"93":{"start":{"line":94,"column":0},"end":{"line":94,"column":20}},"94":{"start":{"line":95,"column":0},"end":{"line":95,"column":7}},"95":{"start":{"line":96,"column":0},"end":{"line":96,"column":3}},"97":{"start":{"line":98,"column":0},"end":{"line":98,"column":45}},"98":{"start":{"line":99,"column":0},"end":{"line":99,"column":1}},"100":{"start":{"line":101,"column":0},"end":{"line":101,"column":54}},"101":{"start":{"line":102,"column":0},"end":{"line":102,"column":63}},"102":{"start":{"line":103,"column":0},"end":{"line":103,"column":59}},"103":{"start":{"line":104,"column":0},"end":{"line":104,"column":61}},"104":{"start":{"line":105,"column":0},"end":{"line":105,"column":57}},"105":{"start":{"line":106,"column":0},"end":{"line":106,"column":49}},"107":{"start":{"line":108,"column":0},"end":{"line":108,"column":60}},"108":{"start":{"line":109,"column":0},"end":{"line":109,"column":1}}},"s":{"0":1,"1":1,"2":1,"3":1,"71":1,"72":7,"73":7,"74":7,"75":7,"76":7,"77":2,"78":2,"79":1,"80":1,"81":1,"82":1,"83":2,"85":5,"88":5,"90":3,"91":3,"92":3,"93":2,"94":3,"95":3,"97":2,"98":2,"100":1,"101":6,"102":5,"103":4,"104":3,"105":2,"107":1,"108":1},"branchMap":{"0":{"type":"branch","line":72,"loc":{"start":{"line":72,"column":36},"end":{"line":99,"column":1}},"locations":[{"start":{"line":72,"column":36},"end":{"line":99,"column":1}}]},"1":{"type":"branch","line":77,"loc":{"start":{"line":77,"column":12},"end":{"line":84,"column":3}},"locations":[{"start":{"line":77,"column":12},"end":{"line":84,"column":3}}]},"2":{"type":"branch","line":79,"loc":{"start":{"line":79,"column":77},"end":{"line":83,"column":5}},"locations":[{"start":{"line":79,"column":77},"end":{"line":83,"column":5}}]},"3":{"type":"branch","line":84,"loc":{"start":{"line":84,"column":2},"end":{"line":89,"column":47}},"locations":[{"start":{"line":84,"column":2},"end":{"line":89,"column":47}}]},"4":{"type":"branch","line":89,"loc":{"start":{"line":89,"column":46},"end":{"line":99,"column":1}},"locations":[{"start":{"line":89,"column":46},"end":{"line":99,"column":1}}]},"5":{"type":"branch","line":89,"loc":{"start":{"line":89,"column":46},"end":{"line":96,"column":3}},"locations":[{"start":{"line":89,"column":46},"end":{"line":96,"column":3}}]},"6":{"type":"branch","line":96,"loc":{"start":{"line":96,"column":2},"end":{"line":99,"column":1}},"locations":[{"start":{"line":96,"column":2},"end":{"line":99,"column":1}}]},"7":{"type":"branch","line":92,"loc":{"start":{"line":92,"column":21},"end":{"line":95,"column":5}},"locations":[{"start":{"line":92,"column":21},"end":{"line":95,"column":5}}]},"8":{"type":"branch","line":93,"loc":{"start":{"line":93,"column":74},"end":{"line":94,"column":20}},"locations":[{"start":{"line":93,"column":74},"end":{"line":94,"column":20}}]},"9":{"type":"branch","line":101,"loc":{"start":{"line":101,"column":26},"end":{"line":109,"column":1}},"locations":[{"start":{"line":101,"column":26},"end":{"line":109,"column":1}}]},"10":{"type":"branch","line":102,"loc":{"start":{"line":102,"column":62},"end":{"line":103,"column":59}},"locations":[{"start":{"line":102,"column":62},"end":{"line":103,"column":59}}]},"11":{"type":"branch","line":103,"loc":{"start":{"line":103,"column":58},"end":{"line":104,"column":61}},"locations":[{"start":{"line":103,"column":58},"end":{"line":104,"column":61}}]},"12":{"type":"branch","line":104,"loc":{"start":{"line":104,"column":60},"end":{"line":105,"column":57}},"locations":[{"start":{"line":104,"column":60},"end":{"line":105,"column":57}}]},"13":{"type":"branch","line":105,"loc":{"start":{"line":105,"column":56},"end":{"line":106,"column":49}},"locations":[{"start":{"line":105,"column":56},"end":{"line":106,"column":49}}]},"14":{"type":"branch","line":106,"loc":{"start":{"line":106,"column":48},"end":{"line":109,"column":1}},"locations":[{"start":{"line":106,"column":48},"end":{"line":109,"column":1}}]}},"b":{"0":[7],"1":[2],"2":[1],"3":[5],"4":[6],"5":[3],"6":[2],"7":[3],"8":[2],"9":[6],"10":[5],"11":[4],"12":[3],"13":[2],"14":[1]},"fnMap":{"0":{"name":"getPokemonPagination","decl":{"start":{"line":72,"column":36},"end":{"line":99,"column":1}},"loc":{"start":{"line":72,"column":36},"end":{"line":99,"column":1}},"line":72},"1":{"name":"getPokemon","decl":{"start":{"line":101,"column":26},"end":{"line":109,"column":1}},"loc":{"start":{"line":101,"column":26},"end":{"line":109,"column":1}},"line":101}},"f":{"0":7,"1":6}}
,"C:\\Users\\PC Gamer\\OneDrive\\Documentos\\GitHub\\looqbox-frontend-challenge\\src\\api\\species.ts": {"path":"C:\\Users\\PC Gamer\\OneDrive\\Documentos\\GitHub\\looqbox-frontend-challenge\\src\\api\\species.ts","all":false,"statementMap":{"0":{"start":{"line":1,"column":0},"end":{"line":1,"column":34}},"29":{"start":{"line":30,"column":0},"end":{"line":30,"column":57}},"30":{"start":{"line":31,"column":0},"end":{"line":31,"column":53}},"31":{"start":{"line":32,"column":0},"end":{"line":32,"column":13}},"32":{"start":{"line":33,"column":0},"end":{"line":33,"column":1}},"34":{"start":{"line":35,"column":0},"end":{"line":35,"column":49}},"35":{"start":{"line":36,"column":0},"end":{"line":36,"column":26}},"36":{"start":{"line":37,"column":0},"end":{"line":37,"column":26}},"37":{"start":{"line":38,"column":0},"end":{"line":38,"column":46}},"39":{"start":{"line":40,"column":0},"end":{"line":40,"column":77}},"41":{"start":{"line":42,"column":0},"end":{"line":42,"column":33}},"43":{"start":{"line":44,"column":0},"end":{"line":44,"column":45}},"44":{"start":{"line":45,"column":0},"end":{"line":45,"column":38}},"46":{"start":{"line":47,"column":0},"end":{"line":47,"column":37}},"47":{"start":{"line":48,"column":0},"end":{"line":48,"column":57}},"48":{"start":{"line":49,"column":0},"end":{"line":49,"column":5}},"49":{"start":{"line":50,"column":0},"end":{"line":50,"column":3}},"51":{"start":{"line":52,"column":0},"end":{"line":52,"column":22}},"53":{"start":{"line":54,"column":0},"end":{"line":54,"column":37}},"54":{"start":{"line":55,"column":0},"end":{"line":55,"column":36}},"55":{"start":{"line":56,"column":0},"end":{"line":56,"column":73}},"56":{"start":{"line":57,"column":0},"end":{"line":57,"column":20}},"57":{"start":{"line":58,"column":0},"end":{"line":58,"column":7}},"58":{"start":{"line":59,"column":0},"end":{"line":59,"column":3}},"60":{"start":{"line":61,"column":0},"end":{"line":61,"column":17}},"61":{"start":{"line":62,"column":0},"end":{"line":62,"column":1}}},"s":{"0":1,"29":1,"30":3,"31":2,"32":2,"34":1,"35":6,"36":6,"37":6,"39":5,"41":4,"43":4,"44":9,"46":9,"47":3,"48":3,"49":9,"51":4,"53":4,"54":4,"55":9,"56":8,"57":4,"58":4,"60":3,"61":3},"branchMap":{"0":{"type":"branch","line":30,"loc":{"start":{"line":30,"column":33},"end":{"line":33,"column":1}},"locations":[{"start":{"line":30,"column":33},"end":{"line":33,"column":1}}]},"1":{"type":"branch","line":31,"loc":{"start":{"line":31,"column":52},"end":{"line":33,"column":1}},"locations":[{"start":{"line":31,"column":52},"end":{"line":33,"column":1}}]},"2":{"type":"branch","line":35,"loc":{"start":{"line":35,"column":42},"end":{"line":62,"column":1}},"locations":[{"start":{"line":35,"column":42},"end":{"line":62,"column":1}}]},"3":{"type":"branch","line":38,"loc":{"start":{"line":38,"column":37},"end":{"line":38,"column":46}},"locations":[{"start":{"line":38,"column":37},"end":{"line":38,"column":46}}]},"4":{"type":"branch","line":38,"loc":{"start":{"line":38,"column":45},"end":{"line":40,"column":77}},"locations":[{"start":{"line":38,"column":45},"end":{"line":40,"column":77}}]},"5":{"type":"branch","line":40,"loc":{"start":{"line":40,"column":76},"end":{"line":59,"column":3}},"locations":[{"start":{"line":40,"column":76},"end":{"line":59,"column":3}}]},"6":{"type":"branch","line":59,"loc":{"start":{"line":59,"column":2},"end":{"line":62,"column":1}},"locations":[{"start":{"line":59,"column":2},"end":{"line":62,"column":1}}]},"7":{"type":"branch","line":44,"loc":{"start":{"line":44,"column":19},"end":{"line":50,"column":3}},"locations":[{"start":{"line":44,"column":19},"end":{"line":50,"column":3}}]},"8":{"type":"branch","line":47,"loc":{"start":{"line":47,"column":36},"end":{"line":49,"column":5}},"locations":[{"start":{"line":47,"column":36},"end":{"line":49,"column":5}}]},"9":{"type":"branch","line":48,"loc":{"start":{"line":48,"column":30},"end":{"line":48,"column":56}},"locations":[{"start":{"line":48,"column":30},"end":{"line":48,"column":56}}]},"10":{"type":"branch","line":55,"loc":{"start":{"line":55,"column":19},"end":{"line":58,"column":5}},"locations":[{"start":{"line":55,"column":19},"end":{"line":58,"column":5}}]},"11":{"type":"branch","line":56,"loc":{"start":{"line":56,"column":72},"end":{"line":57,"column":20}},"locations":[{"start":{"line":56,"column":72},"end":{"line":57,"column":20}}]}},"b":{"0":[3],"1":[2],"2":[6],"3":[1],"4":[5],"5":[4],"6":[3],"7":[9],"8":[3],"9":[5],"10":[9],"11":[8]},"fnMap":{"0":{"name":"getPokemonSpecies","decl":{"start":{"line":30,"column":33},"end":{"line":33,"column":1}},"loc":{"start":{"line":30,"column":33},"end":{"line":33,"column":1}},"line":30},"1":{"name":"getPokemonSpeciesEvolution","decl":{"start":{"line":35,"column":42},"end":{"line":62,"column":1}},"loc":{"start":{"line":35,"column":42},"end":{"line":62,"column":1}},"line":35},"2":{"name":"traverse","decl":{"start":{"line":44,"column":19},"end":{"line":50,"column":3}},"loc":{"start":{"line":44,"column":19},"end":{"line":50,"column":3}},"line":44}},"f":{"0":3,"1":6,"2":9}}
,"C:\\Users\\PC Gamer\\OneDrive\\Documentos\\GitHub\\looqbox-frontend-challenge\\src\\api\\types.ts": {"path":"C:\\Users\\PC Gamer\\OneDrive\\Documentos\\GitHub\\looqbox-frontend-challenge\\src\\api\\types.ts","all":false,"statementMap":{"17":{"start":{"line":18,"column":0},"end":{"line":18,"column":38}},"18":{"start":{"line":19,"column":0},"end":{"line":19,"column":17}},"19":{"start":{"line":20,"column":0},"end":{"line":20,"column":29}},"20":{"start":{"line":21,"column":0},"end":{"line":21,"column":46}},"21":{"start":{"line":22,"column":0},"end":{"line":22,"column":48}},"22":{"start":{"line":23,"column":0},"end":{"line":23,"column":3}},"24":{"start":{"line":25,"column":0},"end":{"line":25,"column":74}},"26":{"start":{"line":27,"column":0},"end":{"line":27,"column":20}},"27":{"start":{"line":28,"column":0},"end":{"line":28,"column":1}}},"s":{"17":1,"18":4,"19":4,"20":4,"21":4,"22":4,"24":4,"26":2,"27":2},"branchMap":{"0":{"type":"branch","line":18,"loc":{"start":{"line":18,"column":31},"end":{"line":28,"column":1}},"locations":[{"start":{"line":18,"column":31},"end":{"line":28,"column":1}}]},"1":{"type":"branch","line":25,"loc":{"start":{"line":25,"column":73},"end":{"line":28,"column":1}},"locations":[{"start":{"line":25,"column":73},"end":{"line":28,"column":1}}]},"2":{"type":"branch","line":21,"loc":{"start":{"line":21,"column":40},"end":{"line":22,"column":48}},"locations":[{"start":{"line":21,"column":40},"end":{"line":22,"column":48}}]},"3":{"type":"branch","line":22,"loc":{"start":{"line":22,"column":27},"end":{"line":22,"column":46}},"locations":[{"start":{"line":22,"column":27},"end":{"line":22,"column":46}}]}},"b":{"0":[4],"1":[2],"2":[4],"3":[3]},"fnMap":{"0":{"name":"getPokemonTypes","decl":{"start":{"line":18,"column":31},"end":{"line":28,"column":1}},"loc":{"start":{"line":18,"column":31},"end":{"line":28,"column":1}},"line":18}},"f":{"0":4}}
,"C:\\Users\\PC Gamer\\OneDrive\\Documentos\\GitHub\\looqbox-frontend-challenge\\src\\components\\BadgeType.tsx": {"path":"C:\\Users\\PC Gamer\\OneDrive\\Documentos\\GitHub\\looqbox-frontend-challenge\\src\\components\\BadgeType.tsx","all":false,"statementMap":{"0":{"start":{"line":1,"column":0},"end":{"line":1,"column":59}},"2":{"start":{"line":3,"column":0},"end":{"line":3,"column":58}},"3":{"start":{"line":4,"column":0},"end":{"line":4,"column":50}},"5":{"start":{"line":6,"column":0},"end":{"line":6,"column":10}},"6":{"start":{"line":7,"column":0},"end":{"line":7,"column":8}},"7":{"start":{"line":8,"column":0},"end":{"line":8,"column":36}},"8":{"start":{"line":9,"column":0},"end":{"line":9,"column":97}},"10":{"start":{"line":11,"column":0},"end":{"line":11,"column":37}},"11":{"start":{"line":12,"column":0},"end":{"line":12,"column":10}},"13":{"start":{"line":14,"column":0},"end":{"line":14,"column":1}}},"s":{"0":1,"2":1,"3":398,"5":398,"6":398,"7":398,"8":398,"10":398,"11":398,"13":398},"branchMap":{"0":{"type":"branch","line":3,"loc":{"start":{"line":3,"column":25},"end":{"line":14,"column":1}},"locations":[{"start":{"line":3,"column":25},"end":{"line":14,"column":1}}]},"1":{"type":"branch","line":4,"loc":{"start":{"line":4,"column":36},"end":{"line":4,"column":50}},"locations":[{"start":{"line":4,"column":36},"end":{"line":4,"column":50}}]}},"b":{"0":[398],"1":[22]},"fnMap":{"0":{"name":"BadgeType","decl":{"start":{"line":3,"column":25},"end":{"line":14,"column":1}},"loc":{"start":{"line":3,"column":25},"end":{"line":14,"column":1}},"line":3}},"f":{"0":398}}
,"C:\\Users\\PC Gamer\\OneDrive\\Documentos\\GitHub\\looqbox-frontend-challenge\\src\\components\\InfoBlock.tsx": {"path":"C:\\Users\\PC Gamer\\OneDrive\\Documentos\\GitHub\\looqbox-frontend-challenge\\src\\components\\InfoBlock.tsx","all":false,"statementMap":{"0":{"start":{"line":1,"column":0},"end":{"line":1,"column":49}},"1":{"start":{"line":2,"column":0},"end":{"line":2,"column":21}},"2":{"start":{"line":3,"column":0},"end":{"line":3,"column":23}},"3":{"start":{"line":4,"column":0},"end":{"line":4,"column":1}},"5":{"start":{"line":6,"column":0},"end":{"line":6,"column":27}},"6":{"start":{"line":7,"column":0},"end":{"line":7,"column":8}},"7":{"start":{"line":8,"column":0},"end":{"line":8,"column":8}},"8":{"start":{"line":9,"column":0},"end":{"line":9,"column":13}},"9":{"start":{"line":10,"column":0},"end":{"line":10,"column":15}},"10":{"start":{"line":11,"column":0},"end":{"line":11,"column":4}},"15":{"start":{"line":16,"column":0},"end":{"line":16,"column":7}},"16":{"start":{"line":17,"column":0},"end":{"line":17,"column":10}},"17":{"start":{"line":18,"column":0},"end":{"line":18,"column":8}},"18":{"start":{"line":19,"column":0},"end":{"line":19,"column":58}},"19":{"start":{"line":20,"column":0},"end":{"line":20,"column":35}},"20":{"start":{"line":21,"column":0},"end":{"line":21,"column":9}},"22":{"start":{"line":23,"column":0},"end":{"line":23,"column":8}},"23":{"start":{"line":24,"column":0},"end":{"line":24,"column":73}},"24":{"start":{"line":25,"column":0},"end":{"line":25,"column":34}},"25":{"start":{"line":26,"column":0},"end":{"line":26,"column":11}},"27":{"start":{"line":28,"column":0},"end":{"line":28,"column":15}},"28":{"start":{"line":29,"column":0},"end":{"line":29,"column":10}},"29":{"start":{"line":30,"column":0},"end":{"line":30,"column":68}},"30":{"start":{"line":31,"column":0},"end":{"line":31,"column":10}},"32":{"start":{"line":33,"column":0},"end":{"line":33,"column":1}}},"s":{"0":1,"1":1,"2":1,"3":1,"5":1,"6":91,"7":91,"8":91,"9":91,"10":91,"15":91,"16":91,"17":91,"18":91,"19":91,"20":91,"22":91,"23":91,"24":91,"25":91,"27":91,"28":91,"29":91,"30":91,"32":91},"branchMap":{"0":{"type":"branch","line":6,"loc":{"start":{"line":6,"column":25},"end":{"line":33,"column":1}},"locations":[{"start":{"line":6,"column":25},"end":{"line":33,"column":1}}]},"1":{"type":"branch","line":20,"loc":{"start":{"line":20,"column":28},"end":{"line":20,"column":35}},"locations":[{"start":{"line":20,"column":28},"end":{"line":20,"column":35}}]},"2":{"type":"branch","line":25,"loc":{"start":{"line":25,"column":10},"end":{"line":25,"column":32}},"locations":[{"start":{"line":25,"column":10},"end":{"line":25,"column":32}}]},"3":{"type":"branch","line":25,"loc":{"start":{"line":25,"column":18},"end":{"line":25,"column":34}},"locations":[{"start":{"line":25,"column":18},"end":{"line":25,"column":34}}]}},"b":{"0":[91],"1":[1],"2":[20],"3":[71]},"fnMap":{"0":{"name":"InfoBlock","decl":{"start":{"line":6,"column":25},"end":{"line":33,"column":1}},"loc":{"start":{"line":6,"column":25},"end":{"line":33,"column":1}},"line":6}},"f":{"0":91}}
,"C:\\Users\\PC Gamer\\OneDrive\\Documentos\\GitHub\\looqbox-frontend-challenge\\src\\components\\PokemonCard.tsx": {"path":"C:\\Users\\PC Gamer\\OneDrive\\Documentos\\GitHub\\looqbox-frontend-challenge\\src\\components\\PokemonCard.tsx","all":false,"statementMap":{"0":{"start":{"line":1,"column":0},"end":{"line":1,"column":32}},"1":{"start":{"line":2,"column":0},"end":{"line":2,"column":27}},"3":{"start":{"line":4,"column":0},"end":{"line":4,"column":39}},"4":{"start":{"line":5,"column":0},"end":{"line":5,"column":39}},"5":{"start":{"line":6,"column":0},"end":{"line":6,"column":52}},"7":{"start":{"line":8,"column":0},"end":{"line":8,"column":67}},"8":{"start":{"line":9,"column":0},"end":{"line":9,"column":51}},"10":{"start":{"line":11,"column":0},"end":{"line":11,"column":64}},"12":{"start":{"line":13,"column":0},"end":{"line":13,"column":10}},"13":{"start":{"line":14,"column":0},"end":{"line":14,"column":39}},"14":{"start":{"line":15,"column":0},"end":{"line":15,"column":11}},"15":{"start":{"line":16,"column":0},"end":{"line":16,"column":32}},"16":{"start":{"line":17,"column":0},"end":{"line":17,"column":17}},"17":{"start":{"line":18,"column":0},"end":{"line":18,"column":47}},"18":{"start":{"line":19,"column":0},"end":{"line":19,"column":48}},"19":{"start":{"line":20,"column":0},"end":{"line":20,"column":15}},"20":{"start":{"line":21,"column":0},"end":{"line":21,"column":44}},"21":{"start":{"line":22,"column":0},"end":{"line":22,"column":16}},"22":{"start":{"line":23,"column":0},"end":{"line":23,"column":61}},"23":{"start":{"line":24,"column":0},"end":{"line":24,"column":53}},"24":{"start":{"line":25,"column":0},"end":{"line":25,"column":131}},"25":{"start":{"line":26,"column":0},"end":{"line":26,"column":53}},"26":{"start":{"line":27,"column":0},"end":{"line":27,"column":17}},"27":{"start":{"line":28,"column":0},"end":{"line":28,"column":14}},"29":{"start":{"line":30,"column":0},"end":{"line":30,"column":72}},"30":{"start":{"line":31,"column":0},"end":{"line":31,"column":30}},"31":{"start":{"line":32,"column":0},"end":{"line":32,"column":18}},"35":{"start":{"line":36,"column":0},"end":{"line":36,"column":18}},"36":{"start":{"line":37,"column":0},"end":{"line":37,"column":17}},"37":{"start":{"line":38,"column":0},"end":{"line":38,"column":49}},"38":{"start":{"line":39,"column":0},"end":{"line":39,"column":65}},"39":{"start":{"line":40,"column":0},"end":{"line":40,"column":65}},"40":{"start":{"line":41,"column":0},"end":{"line":41,"column":53}},"41":{"start":{"line":42,"column":0},"end":{"line":42,"column":20}},"42":{"start":{"line":43,"column":0},"end":{"line":43,"column":62}},"43":{"start":{"line":44,"column":0},"end":{"line":44,"column":59}},"44":{"start":{"line":45,"column":0},"end":{"line":45,"column":20}},"45":{"start":{"line":46,"column":0},"end":{"line":46,"column":20}},"47":{"start":{"line":48,"column":0},"end":{"line":48,"column":65}},"48":{"start":{"line":49,"column":0},"end":{"line":49,"column":46}},"49":{"start":{"line":50,"column":0},"end":{"line":50,"column":28}},"50":{"start":{"line":51,"column":0},"end":{"line":51,"column":53}},"51":{"start":{"line":52,"column":0},"end":{"line":52,"column":41}},"52":{"start":{"line":53,"column":0},"end":{"line":53,"column":20}},"53":{"start":{"line":54,"column":0},"end":{"line":54,"column":19}},"54":{"start":{"line":55,"column":0},"end":{"line":55,"column":20}},"55":{"start":{"line":56,"column":0},"end":{"line":56,"column":18}},"57":{"start":{"line":58,"column":0},"end":{"line":58,"column":10}},"58":{"start":{"line":59,"column":0},"end":{"line":59,"column":13}},"59":{"start":{"line":60,"column":0},"end":{"line":60,"column":11}},"61":{"start":{"line":62,"column":0},"end":{"line":62,"column":1}}},"s":{"0":1,"1":1,"3":1,"4":1,"5":1,"7":1,"8":14,"10":14,"12":14,"13":14,"14":14,"15":14,"16":14,"17":14,"18":14,"19":14,"20":14,"21":13,"22":13,"23":13,"24":13,"25":13,"26":13,"27":13,"29":1,"30":1,"31":1,"35":14,"36":14,"37":14,"38":14,"39":14,"40":14,"41":14,"42":14,"43":14,"44":14,"45":14,"47":14,"48":14,"49":28,"50":28,"51":28,"52":28,"53":14,"54":14,"55":14,"57":14,"58":14,"59":14,"61":14},"branchMap":{"0":{"type":"branch","line":8,"loc":{"start":{"line":8,"column":27},"end":{"line":62,"column":1}},"locations":[{"start":{"line":8,"column":27},"end":{"line":62,"column":1}}]},"1":{"type":"branch","line":21,"loc":{"start":{"line":21,"column":10},"end":{"line":21,"column":44}},"locations":[{"start":{"line":21,"column":10},"end":{"line":21,"column":44}}]},"2":{"type":"branch","line":21,"loc":{"start":{"line":21,"column":26},"end":{"line":28,"column":14}},"locations":[{"start":{"line":21,"column":26},"end":{"line":28,"column":14}}]},"3":{"type":"branch","line":23,"loc":{"start":{"line":23,"column":19},"end":{"line":23,"column":48}},"locations":[{"start":{"line":23,"column":19},"end":{"line":23,"column":48}}]},"4":{"type":"branch","line":23,"loc":{"start":{"line":23,"column":31},"end":{"line":23,"column":61}},"locations":[{"start":{"line":23,"column":31},"end":{"line":23,"column":61}}]},"5":{"type":"branch","line":26,"loc":{"start":{"line":26,"column":16},"end":{"line":26,"column":42}},"locations":[{"start":{"line":26,"column":16},"end":{"line":26,"column":42}}]},"6":{"type":"branch","line":26,"loc":{"start":{"line":26,"column":28},"end":{"line":26,"column":53}},"locations":[{"start":{"line":26,"column":28},"end":{"line":26,"column":53}}]},"7":{"type":"branch","line":28,"loc":{"start":{"line":28,"column":12},"end":{"line":32,"column":18}},"locations":[{"start":{"line":28,"column":12},"end":{"line":32,"column":18}}]},"8":{"type":"branch","line":18,"loc":{"start":{"line":18,"column":22},"end":{"line":18,"column":47}},"locations":[{"start":{"line":18,"column":22},"end":{"line":18,"column":47}}]},"9":{"type":"branch","line":19,"loc":{"start":{"line":19,"column":22},"end":{"line":19,"column":48}},"locations":[{"start":{"line":19,"column":22},"end":{"line":19,"column":48}}]},"10":{"type":"branch","line":49,"loc":{"start":{"line":49,"column":35},"end":{"line":53,"column":20}},"locations":[{"start":{"line":49,"column":35},"end":{"line":53,"column":20}}]}},"b":{"0":[14],"1":[1],"2":[13],"3":[3],"4":[10],"5":[3],"6":[10],"7":[1],"8":[3],"9":[1],"10":[28]},"fnMap":{"0":{"name":"PokemonCard","decl":{"start":{"line":8,"column":27},"end":{"line":62,"column":1}},"loc":{"start":{"line":8,"column":27},"end":{"line":62,"column":1}},"line":8},"1":{"name":"onMouseEnter","decl":{"start":{"line":18,"column":22},"end":{"line":18,"column":47}},"loc":{"start":{"line":18,"column":22},"end":{"line":18,"column":47}},"line":18},"2":{"name":"onMouseLeave","decl":{"start":{"line":19,"column":22},"end":{"line":19,"column":48}},"loc":{"start":{"line":19,"column":22},"end":{"line":19,"column":48}},"line":19}},"f":{"0":14,"1":3,"2":1}}
,"C:\\Users\\PC Gamer\\OneDrive\\Documentos\\GitHub\\looqbox-frontend-challenge\\src\\components\\PokemonChainList.tsx": {"path":"C:\\Users\\PC Gamer\\OneDrive\\Documentos\\GitHub\\looqbox-frontend-challenge\\src\\components\\PokemonChainList.tsx","all":false,"statementMap":{"0":{"start":{"line":1,"column":0},"end":{"line":1,"column":39}},"2":{"start":{"line":3,"column":0},"end":{"line":3,"column":59}},"4":{"start":{"line":5,"column":0},"end":{"line":5,"column":70}},"5":{"start":{"line":6,"column":0},"end":{"line":6,"column":10}},"6":{"start":{"line":7,"column":0},"end":{"line":7,"column":46}},"7":{"start":{"line":8,"column":0},"end":{"line":8,"column":31}},"8":{"start":{"line":9,"column":0},"end":{"line":9,"column":16}},"9":{"start":{"line":10,"column":0},"end":{"line":10,"column":15}},"10":{"start":{"line":11,"column":0},"end":{"line":11,"column":28}},"11":{"start":{"line":12,"column":0},"end":{"line":12,"column":41}},"12":{"start":{"line":13,"column":0},"end":{"line":13,"column":48}},"14":{"start":{"line":15,"column":0},"end":{"line":15,"column":135}},"15":{"start":{"line":16,"column":0},"end":{"line":16,"column":55}},"16":{"start":{"line":17,"column":0},"end":{"line":17,"column":18}},"17":{"start":{"line":18,"column":0},"end":{"line":18,"column":17}},"19":{"start":{"line":20,"column":0},"end":{"line":20,"column":9}},"20":{"start":{"line":21,"column":0},"end":{"line":21,"column":10}},"22":{"start":{"line":23,"column":0},"end":{"line":23,"column":1}}},"s":{"0":1,"2":1,"4":1,"5":6,"6":6,"7":6,"8":11,"9":11,"10":11,"11":11,"12":11,"14":11,"15":11,"16":11,"17":11,"19":6,"20":6,"22":6},"branchMap":{"0":{"type":"branch","line":5,"loc":{"start":{"line":5,"column":32},"end":{"line":23,"column":1}},"locations":[{"start":{"line":5,"column":32},"end":{"line":23,"column":1}}]},"1":{"type":"branch","line":8,"loc":{"start":{"line":8,"column":17},"end":{"line":20,"column":7}},"locations":[{"start":{"line":8,"column":17},"end":{"line":20,"column":7}}]}},"b":{"0":[6],"1":[11]},"fnMap":{"0":{"name":"PokemonChainList","decl":{"start":{"line":5,"column":32},"end":{"line":23,"column":1}},"loc":{"start":{"line":5,"column":32},"end":{"line":23,"column":1}},"line":5}},"f":{"0":6}}
,"C:\\Users\\PC Gamer\\OneDrive\\Documentos\\GitHub\\looqbox-frontend-challenge\\src\\components\\PokemonEffectivenessTable.tsx": {"path":"C:\\Users\\PC Gamer\\OneDrive\\Documentos\\GitHub\\looqbox-frontend-challenge\\src\\components\\PokemonEffectivenessTable.tsx","all":false,"statementMap":{"0":{"start":{"line":1,"column":0},"end":{"line":1,"column":31}},"1":{"start":{"line":2,"column":0},"end":{"line":2,"column":44}},"2":{"start":{"line":3,"column":0},"end":{"line":3,"column":74}},"4":{"start":{"line":5,"column":0},"end":{"line":5,"column":39}},"6":{"start":{"line":7,"column":0},"end":{"line":7,"column":50}},"7":{"start":{"line":8,"column":0},"end":{"line":8,"column":45}},"8":{"start":{"line":9,"column":0},"end":{"line":9,"column":45}},"9":{"start":{"line":10,"column":0},"end":{"line":10,"column":45}},"10":{"start":{"line":11,"column":0},"end":{"line":11,"column":47}},"11":{"start":{"line":12,"column":0},"end":{"line":12,"column":48}},"12":{"start":{"line":13,"column":0},"end":{"line":13,"column":11}},"13":{"start":{"line":14,"column":0},"end":{"line":14,"column":1}},"15":{"start":{"line":16,"column":0},"end":{"line":16,"column":43}},"16":{"start":{"line":17,"column":0},"end":{"line":17,"column":8}},"17":{"start":{"line":18,"column":0},"end":{"line":18,"column":4}},"19":{"start":{"line":20,"column":0},"end":{"line":20,"column":7}},"20":{"start":{"line":21,"column":0},"end":{"line":21,"column":60}},"22":{"start":{"line":23,"column":0},"end":{"line":23,"column":10}},"23":{"start":{"line":24,"column":0},"end":{"line":24,"column":27}},"24":{"start":{"line":25,"column":0},"end":{"line":25,"column":31}},"25":{"start":{"line":26,"column":0},"end":{"line":26,"column":54}},"26":{"start":{"line":27,"column":0},"end":{"line":27,"column":58}},"28":{"start":{"line":29,"column":0},"end":{"line":29,"column":16}},"29":{"start":{"line":30,"column":0},"end":{"line":30,"column":14}},"30":{"start":{"line":31,"column":0},"end":{"line":31,"column":19}},"31":{"start":{"line":32,"column":0},"end":{"line":32,"column":18}},"32":{"start":{"line":33,"column":0},"end":{"line":33,"column":18}},"33":{"start":{"line":34,"column":0},"end":{"line":34,"column":18}},"34":{"start":{"line":35,"column":0},"end":{"line":35,"column":18}},"35":{"start":{"line":36,"column":0},"end":{"line":36,"column":22}},"36":{"start":{"line":37,"column":0},"end":{"line":37,"column":43}},"38":{"start":{"line":39,"column":0},"end":{"line":39,"column":130}},"39":{"start":{"line":40,"column":0},"end":{"line":40,"column":39}},"40":{"start":{"line":41,"column":0},"end":{"line":41,"column":67}},"41":{"start":{"line":42,"column":0},"end":{"line":42,"column":29}},"42":{"start":{"line":43,"column":0},"end":{"line":43,"column":18}},"44":{"start":{"line":45,"column":0},"end":{"line":45,"column":33}},"45":{"start":{"line":46,"column":0},"end":{"line":46,"column":20}},"46":{"start":{"line":47,"column":0},"end":{"line":47,"column":115}},"47":{"start":{"line":48,"column":0},"end":{"line":48,"column":18}},"49":{"start":{"line":50,"column":0},"end":{"line":50,"column":18}},"50":{"start":{"line":51,"column":0},"end":{"line":51,"column":16}},"52":{"start":{"line":53,"column":0},"end":{"line":53,"column":9}},"53":{"start":{"line":54,"column":0},"end":{"line":54,"column":10}},"55":{"start":{"line":56,"column":0},"end":{"line":56,"column":1}}},"s":{"0":1,"1":1,"2":1,"4":1,"6":1,"7":378,"8":378,"9":378,"10":378,"11":378,"12":373,"13":373,"15":1,"16":21,"17":21,"19":21,"20":21,"22":21,"23":21,"24":21,"25":378,"26":378,"28":378,"29":378,"30":378,"31":378,"32":378,"33":378,"34":378,"35":378,"36":378,"38":378,"39":378,"40":378,"41":378,"42":378,"44":378,"45":5,"46":5,"47":5,"49":378,"50":378,"52":21,"53":21,"55":21},"branchMap":{"0":{"type":"branch","line":7,"loc":{"start":{"line":7,"column":25},"end":{"line":14,"column":1}},"locations":[{"start":{"line":7,"column":25},"end":{"line":14,"column":1}}]},"1":{"type":"branch","line":8,"loc":{"start":{"line":8,"column":24},"end":{"line":8,"column":45}},"locations":[{"start":{"line":8,"column":24},"end":{"line":8,"column":45}}]},"2":{"type":"branch","line":8,"loc":{"start":{"line":8,"column":31},"end":{"line":9,"column":31}},"locations":[{"start":{"line":8,"column":31},"end":{"line":9,"column":31}}]},"3":{"type":"branch","line":9,"loc":{"start":{"line":9,"column":24},"end":{"line":9,"column":45}},"locations":[{"start":{"line":9,"column":24},"end":{"line":9,"column":45}}]},"4":{"type":"branch","line":9,"loc":{"start":{"line":9,"column":31},"end":{"line":10,"column":31}},"locations":[{"start":{"line":9,"column":31},"end":{"line":10,"column":31}}]},"5":{"type":"branch","line":10,"loc":{"start":{"line":10,"column":24},"end":{"line":10,"column":45}},"locations":[{"start":{"line":10,"column":24},"end":{"line":10,"column":45}}]},"6":{"type":"branch","line":10,"loc":{"start":{"line":10,"column":31},"end":{"line":11,"column":33}},"locations":[{"start":{"line":10,"column":31},"end":{"line":11,"column":33}}]},"7":{"type":"branch","line":11,"loc":{"start":{"line":11,"column":26},"end":{"line":11,"column":47}},"locations":[{"start":{"line":11,"column":26},"end":{"line":11,"column":47}}]},"8":{"type":"branch","line":11,"loc":{"start":{"line":11,"column":33},"end":{"line":12,"column":34}},"locations":[{"start":{"line":11,"column":33},"end":{"line":12,"column":34}}]},"9":{"type":"branch","line":12,"loc":{"start":{"line":12,"column":27},"end":{"line":12,"column":48}},"locations":[{"start":{"line":12,"column":27},"end":{"line":12,"column":48}}]},"10":{"type":"branch","line":12,"loc":{"start":{"line":12,"column":34},"end":{"line":14,"column":1}},"locations":[{"start":{"line":12,"column":34},"end":{"line":14,"column":1}}]},"11":{"type":"branch","line":16,"loc":{"start":{"line":16,"column":41},"end":{"line":56,"column":1}},"locations":[{"start":{"line":16,"column":41},"end":{"line":56,"column":1}}]},"12":{"type":"branch","line":25,"loc":{"start":{"line":25,"column":20},"end":{"line":53,"column":7}},"locations":[{"start":{"line":25,"column":20},"end":{"line":53,"column":7}}]},"13":{"type":"branch","line":26,"loc":{"start":{"line":26,"column":48},"end":{"line":26,"column":54}},"locations":[{"start":{"line":26,"column":48},"end":{"line":26,"column":54}}]},"14":{"type":"branch","line":45,"loc":{"start":{"line":45,"column":15},"end":{"line":48,"column":18}},"locations":[{"start":{"line":45,"column":15},"end":{"line":48,"column":18}}]}},"b":{"0":[378],"1":[1],"2":[377],"3":[1],"4":[376],"5":[1],"6":[375],"7":[1],"8":[374],"9":[1],"10":[373],"11":[21],"12":[378],"13":[373],"14":[5]},"fnMap":{"0":{"name":"getDiagonalColor","decl":{"start":{"line":7,"column":25},"end":{"line":14,"column":1}},"loc":{"start":{"line":7,"column":25},"end":{"line":14,"column":1}},"line":7},"1":{"name":"PokemonEffectivenessTable","decl":{"start":{"line":16,"column":41},"end":{"line":56,"column":1}},"loc":{"start":{"line":16,"column":41},"end":{"line":56,"column":1}},"line":16}},"f":{"0":378,"1":21}}
,"C:\\Users\\PC Gamer\\OneDrive\\Documentos\\GitHub\\looqbox-frontend-challenge\\src\\components\\PokemonGrid.tsx": {"path":"C:\\Users\\PC Gamer\\OneDrive\\Documentos\\GitHub\\looqbox-frontend-challenge\\src\\components\\PokemonGrid.tsx","all":false,"statementMap":{"0":{"start":{"line":1,"column":0},"end":{"line":1,"column":31}},"2":{"start":{"line":3,"column":0},"end":{"line":3,"column":43}},"4":{"start":{"line":5,"column":0},"end":{"line":5,"column":71}},"5":{"start":{"line":6,"column":0},"end":{"line":6,"column":10}},"6":{"start":{"line":7,"column":0},"end":{"line":7,"column":46}},"7":{"start":{"line":8,"column":0},"end":{"line":8,"column":34}},"8":{"start":{"line":9,"column":0},"end":{"line":9,"column":61}},"9":{"start":{"line":10,"column":0},"end":{"line":10,"column":43}},"10":{"start":{"line":11,"column":0},"end":{"line":11,"column":14}},"11":{"start":{"line":12,"column":0},"end":{"line":12,"column":9}},"12":{"start":{"line":13,"column":0},"end":{"line":13,"column":10}},"14":{"start":{"line":15,"column":0},"end":{"line":15,"column":1}}},"s":{"0":1,"2":1,"4":1,"5":3,"6":3,"7":3,"8":4,"9":4,"10":4,"11":3,"12":3,"14":3},"branchMap":{"0":{"type":"branch","line":5,"loc":{"start":{"line":5,"column":27},"end":{"line":15,"column":1}},"locations":[{"start":{"line":5,"column":27},"end":{"line":15,"column":1}}]},"1":{"type":"branch","line":8,"loc":{"start":{"line":8,"column":20},"end":{"line":11,"column":14}},"locations":[{"start":{"line":8,"column":20},"end":{"line":11,"column":14}}]}},"b":{"0":[3],"1":[4]},"fnMap":{"0":{"name":"PokemonGrid","decl":{"start":{"line":5,"column":27},"end":{"line":15,"column":1}},"loc":{"start":{"line":5,"column":27},"end":{"line":15,"column":1}},"line":5}},"f":{"0":3}}
,"C:\\Users\\PC Gamer\\OneDrive\\Documentos\\GitHub\\looqbox-frontend-challenge\\src\\components\\PokemonMoveDetails.tsx": {"path":"C:\\Users\\PC Gamer\\OneDrive\\Documentos\\GitHub\\looqbox-frontend-challenge\\src\\components\\PokemonMoveDetails.tsx","all":false,"statementMap":{"1":{"start":{"line":2,"column":0},"end":{"line":2,"column":49}},"2":{"start":{"line":3,"column":0},"end":{"line":3,"column":39}},"3":{"start":{"line":4,"column":0},"end":{"line":4,"column":27}},"4":{"start":{"line":5,"column":0},"end":{"line":5,"column":39}},"5":{"start":{"line":6,"column":0},"end":{"line":6,"column":75}},"7":{"start":{"line":8,"column":0},"end":{"line":8,"column":36}},"8":{"start":{"line":9,"column":0},"end":{"line":9,"column":6}},"9":{"start":{"line":10,"column":0},"end":{"line":10,"column":17}},"10":{"start":{"line":11,"column":0},"end":{"line":11,"column":4}},"13":{"start":{"line":14,"column":0},"end":{"line":14,"column":7}},"14":{"start":{"line":15,"column":0},"end":{"line":15,"column":66}},"16":{"start":{"line":17,"column":0},"end":{"line":17,"column":18}},"17":{"start":{"line":18,"column":0},"end":{"line":18,"column":12}},"18":{"start":{"line":19,"column":0},"end":{"line":19,"column":48}},"19":{"start":{"line":20,"column":0},"end":{"line":20,"column":23}},"20":{"start":{"line":21,"column":0},"end":{"line":21,"column":12}},"22":{"start":{"line":23,"column":0},"end":{"line":23,"column":3}},"24":{"start":{"line":25,"column":0},"end":{"line":25,"column":25}},"25":{"start":{"line":26,"column":0},"end":{"line":26,"column":78}},"26":{"start":{"line":27,"column":0},"end":{"line":27,"column":3}},"28":{"start":{"line":29,"column":0},"end":{"line":29,"column":16}},"29":{"start":{"line":30,"column":0},"end":{"line":30,"column":78}},"30":{"start":{"line":31,"column":0},"end":{"line":31,"column":30}},"32":{"start":{"line":33,"column":0},"end":{"line":33,"column":10}},"33":{"start":{"line":34,"column":0},"end":{"line":34,"column":32}},"34":{"start":{"line":35,"column":0},"end":{"line":35,"column":48}},"35":{"start":{"line":36,"column":0},"end":{"line":36,"column":61}},"36":{"start":{"line":37,"column":0},"end":{"line":37,"column":57}},"37":{"start":{"line":38,"column":0},"end":{"line":38,"column":56}},"38":{"start":{"line":39,"column":0},"end":{"line":39,"column":16}},"40":{"start":{"line":41,"column":0},"end":{"line":41,"column":45}},"41":{"start":{"line":42,"column":0},"end":{"line":42,"column":14}},"43":{"start":{"line":44,"column":0},"end":{"line":44,"column":53}},"44":{"start":{"line":45,"column":0},"end":{"line":45,"column":65}},"45":{"start":{"line":46,"column":0},"end":{"line":46,"column":71}},"46":{"start":{"line":47,"column":0},"end":{"line":47,"column":59}},"47":{"start":{"line":48,"column":0},"end":{"line":48,"column":14}},"49":{"start":{"line":50,"column":0},"end":{"line":50,"column":54}},"50":{"start":{"line":51,"column":0},"end":{"line":51,"column":13}},"52":{"start":{"line":53,"column":0},"end":{"line":53,"column":11}},"53":{"start":{"line":54,"column":0},"end":{"line":54,"column":67}},"54":{"start":{"line":55,"column":0},"end":{"line":55,"column":35}},"55":{"start":{"line":56,"column":0},"end":{"line":56,"column":48}},"56":{"start":{"line":57,"column":0},"end":{"line":57,"column":16}},"57":{"start":{"line":58,"column":0},"end":{"line":58,"column":23}},"58":{"start":{"line":59,"column":0},"end":{"line":59,"column":85}},"60":{"start":{"line":61,"column":0},"end":{"line":61,"column":43}},"61":{"start":{"line":62,"column":0},"end":{"line":62,"column":55}},"62":{"start":{"line":63,"column":0},"end":{"line":63,"column":70}},"63":{"start":{"line":64,"column":0},"end":{"line":64,"column":65}},"64":{"start":{"line":65,"column":0},"end":{"line":65,"column":23}},"65":{"start":{"line":66,"column":0},"end":{"line":66,"column":21}},"66":{"start":{"line":67,"column":0},"end":{"line":67,"column":43}},"68":{"start":{"line":69,"column":0},"end":{"line":69,"column":44}},"69":{"start":{"line":70,"column":0},"end":{"line":70,"column":52}},"70":{"start":{"line":71,"column":0},"end":{"line":71,"column":23}},"71":{"start":{"line":72,"column":0},"end":{"line":72,"column":21}},"72":{"start":{"line":73,"column":0},"end":{"line":73,"column":18}},"73":{"start":{"line":74,"column":0},"end":{"line":74,"column":13}},"74":{"start":{"line":75,"column":0},"end":{"line":75,"column":14}},"75":{"start":{"line":76,"column":0},"end":{"line":76,"column":12}},"76":{"start":{"line":77,"column":0},"end":{"line":77,"column":10}},"78":{"start":{"line":79,"column":0},"end":{"line":79,"column":1}}},"s":{"1":1,"2":1,"3":1,"4":1,"5":1,"7":1,"8":9,"9":9,"10":9,"13":9,"14":9,"16":9,"17":1,"18":1,"19":1,"20":1,"22":1,"24":9,"25":2,"26":2,"28":6,"29":9,"30":1,"32":9,"33":9,"34":9,"35":9,"36":9,"37":9,"38":9,"40":9,"41":9,"43":9,"44":9,"45":9,"46":9,"47":9,"49":9,"50":9,"52":9,"53":9,"54":9,"55":9,"56":6,"57":6,"58":6,"60":6,"61":6,"62":6,"63":6,"64":6,"65":6,"66":6,"68":6,"69":6,"70":6,"71":6,"72":6,"73":9,"74":9,"75":9,"76":9,"78":9},"branchMap":{"0":{"type":"branch","line":8,"loc":{"start":{"line":8,"column":34},"end":{"line":79,"column":1}},"locations":[{"start":{"line":8,"column":34},"end":{"line":79,"column":1}}]},"1":{"type":"branch","line":17,"loc":{"start":{"line":17,"column":17},"end":{"line":23,"column":3}},"locations":[{"start":{"line":17,"column":17},"end":{"line":23,"column":3}}]},"2":{"type":"branch","line":23,"loc":{"start":{"line":23,"column":2},"end":{"line":25,"column":17}},"locations":[{"start":{"line":23,"column":2},"end":{"line":25,"column":17}}]},"3":{"type":"branch","line":25,"loc":{"start":{"line":25,"column":6},"end":{"line":25,"column":24}},"locations":[{"start":{"line":25,"column":6},"end":{"line":25,"column":24}}]},"4":{"type":"branch","line":25,"loc":{"start":{"line":25,"column":24},"end":{"line":27,"column":3}},"locations":[{"start":{"line":25,"column":24},"end":{"line":27,"column":3}}]},"5":{"type":"branch","line":27,"loc":{"start":{"line":27,"column":2},"end":{"line":30,"column":63}},"locations":[{"start":{"line":27,"column":2},"end":{"line":30,"column":63}}]},"6":{"type":"branch","line":30,"loc":{"start":{"line":30,"column":60},"end":{"line":30,"column":78}},"locations":[{"start":{"line":30,"column":60},"end":{"line":30,"column":78}}]},"7":{"type":"branch","line":30,"loc":{"start":{"line":30,"column":63},"end":{"line":31,"column":30}},"locations":[{"start":{"line":30,"column":63},"end":{"line":31,"column":30}}]},"8":{"type":"branch","line":45,"loc":{"start":{"line":45,"column":47},"end":{"line":45,"column":63}},"locations":[{"start":{"line":45,"column":47},"end":{"line":45,"column":63}}]},"9":{"type":"branch","line":46,"loc":{"start":{"line":46,"column":50},"end":{"line":46,"column":69}},"locations":[{"start":{"line":46,"column":50},"end":{"line":46,"column":69}}]},"10":{"type":"branch","line":47,"loc":{"start":{"line":47,"column":44},"end":{"line":47,"column":57}},"locations":[{"start":{"line":47,"column":44},"end":{"line":47,"column":57}}]},"11":{"type":"branch","line":30,"loc":{"start":{"line":30,"column":29},"end":{"line":30,"column":60}},"locations":[{"start":{"line":30,"column":29},"end":{"line":30,"column":60}}]},"12":{"type":"branch","line":56,"loc":{"start":{"line":56,"column":30},"end":{"line":73,"column":18}},"locations":[{"start":{"line":56,"column":30},"end":{"line":73,"column":18}}]},"13":{"type":"branch","line":70,"loc":{"start":{"line":70,"column":26},"end":{"line":70,"column":52}},"locations":[{"start":{"line":70,"column":26},"end":{"line":70,"column":52}}]}},"b":{"0":[9],"1":[1],"2":[8],"3":[7],"4":[2],"5":[6],"6":[5],"7":[1],"8":[1],"9":[1],"10":[1],"11":[5],"12":[6],"13":[2]},"fnMap":{"0":{"name":"PokemonMoveDetails","decl":{"start":{"line":8,"column":34},"end":{"line":79,"column":1}},"loc":{"start":{"line":8,"column":34},"end":{"line":79,"column":1}},"line":8}},"f":{"0":9}}
,"C:\\Users\\PC Gamer\\OneDrive\\Documentos\\GitHub\\looqbox-frontend-challenge\\src\\components\\PokemonMoviments.tsx": {"path":"C:\\Users\\PC Gamer\\OneDrive\\Documentos\\GitHub\\looqbox-frontend-challenge\\src\\components\\PokemonMoviments.tsx","all":false,"statementMap":{"0":{"start":{"line":1,"column":0},"end":{"line":1,"column":31}},"1":{"start":{"line":2,"column":0},"end":{"line":2,"column":32}},"3":{"start":{"line":4,"column":0},"end":{"line":4,"column":57}},"5":{"start":{"line":6,"column":0},"end":{"line":6,"column":26}},"7":{"start":{"line":8,"column":0},"end":{"line":8,"column":68}},"8":{"start":{"line":9,"column":0},"end":{"line":9,"column":67}},"10":{"start":{"line":11,"column":0},"end":{"line":11,"column":10}},"11":{"start":{"line":12,"column":0},"end":{"line":12,"column":70}},"12":{"start":{"line":13,"column":0},"end":{"line":13,"column":12}},"13":{"start":{"line":14,"column":0},"end":{"line":14,"column":16}},"14":{"start":{"line":15,"column":0},"end":{"line":15,"column":58}},"15":{"start":{"line":16,"column":0},"end":{"line":16,"column":38}},"16":{"start":{"line":17,"column":0},"end":{"line":17,"column":16}},"18":{"start":{"line":19,"column":0},"end":{"line":19,"column":23}},"20":{"start":{"line":21,"column":0},"end":{"line":21,"column":28}},"21":{"start":{"line":22,"column":0},"end":{"line":22,"column":39}},"22":{"start":{"line":23,"column":0},"end":{"line":23,"column":18}},"23":{"start":{"line":24,"column":0},"end":{"line":24,"column":22}},"24":{"start":{"line":25,"column":0},"end":{"line":25,"column":57}},"25":{"start":{"line":26,"column":0},"end":{"line":26,"column":53}},"26":{"start":{"line":27,"column":0},"end":{"line":27,"column":23}},"28":{"start":{"line":29,"column":0},"end":{"line":29,"column":25}},"30":{"start":{"line":31,"column":0},"end":{"line":31,"column":33}},"31":{"start":{"line":32,"column":0},"end":{"line":32,"column":35}},"32":{"start":{"line":33,"column":0},"end":{"line":33,"column":59}},"33":{"start":{"line":34,"column":0},"end":{"line":34,"column":16}},"34":{"start":{"line":35,"column":0},"end":{"line":35,"column":20}},"35":{"start":{"line":36,"column":0},"end":{"line":36,"column":13}},"36":{"start":{"line":37,"column":0},"end":{"line":37,"column":19}},"37":{"start":{"line":38,"column":0},"end":{"line":38,"column":14}},"38":{"start":{"line":39,"column":0},"end":{"line":39,"column":15}},"40":{"start":{"line":41,"column":0},"end":{"line":41,"column":1}}},"s":{"0":1,"1":1,"3":1,"5":1,"7":1,"8":20,"10":20,"11":20,"12":20,"13":20,"14":20,"15":20,"16":20,"18":20,"20":20,"21":20,"22":24,"23":24,"24":24,"25":24,"26":24,"28":24,"30":24,"31":24,"32":24,"33":24,"34":24,"35":20,"36":20,"37":20,"38":20,"40":20},"branchMap":{"0":{"type":"branch","line":8,"loc":{"start":{"line":8,"column":32},"end":{"line":41,"column":1}},"locations":[{"start":{"line":8,"column":32},"end":{"line":41,"column":1}}]},"1":{"type":"branch","line":22,"loc":{"start":{"line":22,"column":21},"end":{"line":35,"column":20}},"locations":[{"start":{"line":22,"column":21},"end":{"line":35,"column":20}}]}},"b":{"0":[20],"1":[24]},"fnMap":{"0":{"name":"PokemonMoviments","decl":{"start":{"line":8,"column":32},"end":{"line":41,"column":1}},"loc":{"start":{"line":8,"column":32},"end":{"line":41,"column":1}},"line":8}},"f":{"0":20}}
,"C:\\Users\\PC Gamer\\OneDrive\\Documentos\\GitHub\\looqbox-frontend-challenge\\src\\components\\PokemonSearch.tsx": {"path":"C:\\Users\\PC Gamer\\OneDrive\\Documentos\\GitHub\\looqbox-frontend-challenge\\src\\components\\PokemonSearch.tsx","all":false,"statementMap":{"0":{"start":{"line":1,"column":0},"end":{"line":1,"column":28}},"1":{"start":{"line":2,"column":0},"end":{"line":2,"column":59}},"2":{"start":{"line":3,"column":0},"end":{"line":3,"column":63}},"3":{"start":{"line":4,"column":0},"end":{"line":4,"column":53}},"4":{"start":{"line":5,"column":0},"end":{"line":5,"column":43}},"6":{"start":{"line":7,"column":0},"end":{"line":7,"column":31}},"7":{"start":{"line":8,"column":0},"end":{"line":8,"column":25}},"8":{"start":{"line":9,"column":0},"end":{"line":9,"column":4}},"10":{"start":{"line":11,"column":0},"end":{"line":11,"column":7}},"11":{"start":{"line":12,"column":0},"end":{"line":12,"column":65}},"12":{"start":{"line":13,"column":0},"end":{"line":13,"column":58}},"14":{"start":{"line":15,"column":0},"end":{"line":15,"column":32}},"15":{"start":{"line":16,"column":0},"end":{"line":16,"column":32}},"16":{"start":{"line":17,"column":0},"end":{"line":17,"column":35}},"18":{"start":{"line":19,"column":0},"end":{"line":19,"column":19}},"19":{"start":{"line":20,"column":0},"end":{"line":20,"column":29}},"20":{"start":{"line":21,"column":0},"end":{"line":21,"column":18}},"22":{"start":{"line":23,"column":0},"end":{"line":23,"column":43}},"23":{"start":{"line":24,"column":0},"end":{"line":24,"column":62}},"25":{"start":{"line":26,"column":0},"end":{"line":26,"column":54}},"26":{"start":{"line":27,"column":0},"end":{"line":27,"column":19}},"27":{"start":{"line":28,"column":0},"end":{"line":28,"column":5}},"28":{"start":{"line":29,"column":0},"end":{"line":29,"column":3}},"30":{"start":{"line":31,"column":0},"end":{"line":31,"column":10}},"31":{"start":{"line":32,"column":0},"end":{"line":32,"column":17}},"32":{"start":{"line":33,"column":0},"end":{"line":33,"column":37}},"33":{"start":{"line":34,"column":0},"end":{"line":34,"column":45}},"34":{"start":{"line":35,"column":0},"end":{"line":35,"column":53}},"35":{"start":{"line":36,"column":0},"end":{"line":36,"column":29}},"36":{"start":{"line":37,"column":0},"end":{"line":37,"column":17}},"37":{"start":{"line":38,"column":0},"end":{"line":38,"column":16}},"38":{"start":{"line":39,"column":0},"end":{"line":39,"column":26}},"39":{"start":{"line":40,"column":0},"end":{"line":40,"column":6}},"41":{"start":{"line":42,"column":0},"end":{"line":42,"column":1}}},"s":{"0":1,"1":1,"2":1,"3":1,"4":1,"6":1,"7":91,"8":91,"10":91,"11":91,"12":91,"14":91,"15":91,"16":91,"18":91,"19":18,"20":91,"22":91,"23":6,"25":6,"26":1,"27":1,"28":6,"30":91,"31":91,"32":91,"33":91,"34":91,"35":91,"36":91,"37":91,"38":91,"39":91,"41":91},"branchMap":{"0":{"type":"branch","line":7,"loc":{"start":{"line":7,"column":29},"end":{"line":42,"column":1}},"locations":[{"start":{"line":7,"column":29},"end":{"line":42,"column":1}}]},"1":{"type":"branch","line":12,"loc":{"start":{"line":12,"column":40},"end":{"line":12,"column":64}},"locations":[{"start":{"line":12,"column":40},"end":{"line":12,"column":64}}]},"2":{"type":"branch","line":19,"loc":{"start":{"line":19,"column":12},"end":{"line":21,"column":5}},"locations":[{"start":{"line":19,"column":12},"end":{"line":21,"column":5}}]},"3":{"type":"branch","line":23,"loc":{"start":{"line":23,"column":23},"end":{"line":29,"column":3}},"locations":[{"start":{"line":23,"column":23},"end":{"line":29,"column":3}}]},"4":{"type":"branch","line":26,"loc":{"start":{"line":26,"column":8},"end":{"line":26,"column":53}},"locations":[{"start":{"line":26,"column":8},"end":{"line":26,"column":53}}]},"5":{"type":"branch","line":26,"loc":{"start":{"line":26,"column":53},"end":{"line":28,"column":5}},"locations":[{"start":{"line":26,"column":53},"end":{"line":28,"column":5}}]},"6":{"type":"branch","line":35,"loc":{"start":{"line":35,"column":16},"end":{"line":35,"column":53}},"locations":[{"start":{"line":35,"column":16},"end":{"line":35,"column":53}}]}},"b":{"0":[91],"1":[109],"2":[18],"3":[6],"4":[2],"5":[1],"6":[59]},"fnMap":{"0":{"name":"PokemonSearch","decl":{"start":{"line":7,"column":29},"end":{"line":42,"column":1}},"loc":{"start":{"line":7,"column":29},"end":{"line":42,"column":1}},"line":7},"1":{"name":"handleSearch","decl":{"start":{"line":23,"column":23},"end":{"line":29,"column":3}},"loc":{"start":{"line":23,"column":23},"end":{"line":29,"column":3}},"line":23},"2":{"name":"onChange","decl":{"start":{"line":35,"column":16},"end":{"line":35,"column":53}},"loc":{"start":{"line":35,"column":16},"end":{"line":35,"column":53}},"line":35}},"f":{"0":91,"1":6,"2":59}}
,"C:\\Users\\PC Gamer\\OneDrive\\Documentos\\GitHub\\looqbox-frontend-challenge\\src\\components\\SpriteHoverAnimated.tsx": {"path":"C:\\Users\\PC Gamer\\OneDrive\\Documentos\\GitHub\\looqbox-frontend-challenge\\src\\components\\SpriteHoverAnimated.tsx","all":false,"statementMap":{"0":{"start":{"line":1,"column":0},"end":{"line":1,"column":32}},"2":{"start":{"line":3,"column":0},"end":{"line":3,"column":52}},"4":{"start":{"line":5,"column":0},"end":{"line":5,"column":37}},"5":{"start":{"line":6,"column":0},"end":{"line":6,"column":10}},"6":{"start":{"line":7,"column":0},"end":{"line":7,"column":12}},"7":{"start":{"line":8,"column":0},"end":{"line":8,"column":4}},"10":{"start":{"line":11,"column":0},"end":{"line":11,"column":7}},"11":{"start":{"line":12,"column":0},"end":{"line":12,"column":51}},"13":{"start":{"line":14,"column":0},"end":{"line":14,"column":64}},"15":{"start":{"line":16,"column":0},"end":{"line":16,"column":10}},"16":{"start":{"line":17,"column":0},"end":{"line":17,"column":8}},"17":{"start":{"line":18,"column":0},"end":{"line":18,"column":53}},"18":{"start":{"line":19,"column":0},"end":{"line":19,"column":45}},"19":{"start":{"line":20,"column":0},"end":{"line":20,"column":46}},"20":{"start":{"line":21,"column":0},"end":{"line":21,"column":45}},"21":{"start":{"line":22,"column":0},"end":{"line":22,"column":17}},"22":{"start":{"line":23,"column":0},"end":{"line":23,"column":74}},"23":{"start":{"line":24,"column":0},"end":{"line":24,"column":47}},"24":{"start":{"line":25,"column":0},"end":{"line":25,"column":28}},"26":{"start":{"line":27,"column":0},"end":{"line":27,"column":6}},"28":{"start":{"line":29,"column":0},"end":{"line":29,"column":1}}},"s":{"0":1,"2":1,"4":1,"5":40,"6":40,"7":40,"10":40,"11":40,"13":40,"15":40,"16":40,"17":40,"18":40,"19":40,"20":40,"21":40,"22":40,"23":40,"24":40,"26":40,"28":40},"branchMap":{"0":{"type":"branch","line":5,"loc":{"start":{"line":5,"column":35},"end":{"line":29,"column":1}},"locations":[{"start":{"line":5,"column":35},"end":{"line":29,"column":1}}]},"1":{"type":"branch","line":18,"loc":{"start":{"line":18,"column":11},"end":{"line":18,"column":40}},"locations":[{"start":{"line":18,"column":11},"end":{"line":18,"column":40}}]},"2":{"type":"branch","line":18,"loc":{"start":{"line":18,"column":23},"end":{"line":18,"column":53}},"locations":[{"start":{"line":18,"column":23},"end":{"line":18,"column":53}}]},"3":{"type":"branch","line":24,"loc":{"start":{"line":24,"column":10},"end":{"line":24,"column":36}},"locations":[{"start":{"line":24,"column":10},"end":{"line":24,"column":36}}]},"4":{"type":"branch","line":24,"loc":{"start":{"line":24,"column":22},"end":{"line":24,"column":47}},"locations":[{"start":{"line":24,"column":22},"end":{"line":24,"column":47}}]},"5":{"type":"branch","line":19,"loc":{"start":{"line":19,"column":20},"end":{"line":19,"column":45}},"locations":[{"start":{"line":19,"column":20},"end":{"line":19,"column":45}}]},"6":{"type":"branch","line":20,"loc":{"start":{"line":20,"column":20},"end":{"line":20,"column":46}},"locations":[{"start":{"line":20,"column":20},"end":{"line":20,"column":46}}]}},"b":{"0":[40],"1":[4],"2":[36],"3":[4],"4":[36],"5":[4],"6":[2]},"fnMap":{"0":{"name":"SpriteHoverAnimated","decl":{"start":{"line":5,"column":35},"end":{"line":29,"column":1}},"loc":{"start":{"line":5,"column":35},"end":{"line":29,"column":1}},"line":5},"1":{"name":"onMouseEnter","decl":{"start":{"line":19,"column":20},"end":{"line":19,"column":45}},"loc":{"start":{"line":19,"column":20},"end":{"line":19,"column":45}},"line":19},"2":{"name":"onMouseLeave","decl":{"start":{"line":20,"column":20},"end":{"line":20,"column":46}},"loc":{"start":{"line":20,"column":20},"end":{"line":20,"column":46}},"line":20}},"f":{"0":40,"1":4,"2":2}}
,"C:\\Users\\PC Gamer\\OneDrive\\Documentos\\GitHub\\looqbox-frontend-challenge\\src\\components\\StateMessage.tsx": {"path":"C:\\Users\\PC Gamer\\OneDrive\\Documentos\\GitHub\\looqbox-frontend-challenge\\src\\components\\StateMessage.tsx","all":false,"statementMap":{"0":{"start":{"line":1,"column":0},"end":{"line":1,"column":30}},"1":{"start":{"line":2,"column":0},"end":{"line":2,"column":6}},"2":{"start":{"line":3,"column":0},"end":{"line":3,"column":6}},"3":{"start":{"line":4,"column":0},"end":{"line":4,"column":7}},"4":{"start":{"line":5,"column":0},"end":{"line":5,"column":8}},"5":{"start":{"line":6,"column":0},"end":{"line":6,"column":4}},"11":{"start":{"line":12,"column":0},"end":{"line":12,"column":74}},"12":{"start":{"line":13,"column":0},"end":{"line":13,"column":52}},"13":{"start":{"line":14,"column":0},"end":{"line":14,"column":58}},"14":{"start":{"line":15,"column":0},"end":{"line":15,"column":8}}},"s":{"0":1,"1":9,"2":9,"3":9,"4":9,"5":9,"11":9,"12":9,"13":9,"14":9},"branchMap":{"0":{"type":"branch","line":1,"loc":{"start":{"line":1,"column":28},"end":{"line":15,"column":8}},"locations":[{"start":{"line":1,"column":28},"end":{"line":15,"column":8}}]}},"b":{"0":[9]},"fnMap":{"0":{"name":"StateMessage","decl":{"start":{"line":1,"column":28},"end":{"line":15,"column":8}},"loc":{"start":{"line":1,"column":28},"end":{"line":15,"column":8}},"line":1}},"f":{"0":9}}
,"C:\\Users\\PC Gamer\\OneDrive\\Documentos\\GitHub\\looqbox-frontend-challenge\\src\\components\\graphs\\CustomGraphLabel.tsx": {"path":"C:\\Users\\PC Gamer\\OneDrive\\Documentos\\GitHub\\looqbox-frontend-challenge\\src\\components\\graphs\\CustomGraphLabel.tsx","all":false,"statementMap":{"2":{"start":{"line":3,"column":0},"end":{"line":3,"column":63}},"3":{"start":{"line":4,"column":0},"end":{"line":4,"column":45}},"4":{"start":{"line":5,"column":0},"end":{"line":5,"column":60}},"6":{"start":{"line":7,"column":0},"end":{"line":7,"column":10}},"7":{"start":{"line":8,"column":0},"end":{"line":8,"column":72}},"8":{"start":{"line":9,"column":0},"end":{"line":9,"column":51}},"9":{"start":{"line":10,"column":0},"end":{"line":10,"column":59}},"10":{"start":{"line":11,"column":0},"end":{"line":11,"column":30}},"11":{"start":{"line":12,"column":0},"end":{"line":12,"column":16}},"12":{"start":{"line":13,"column":0},"end":{"line":13,"column":9}},"13":{"start":{"line":14,"column":0},"end":{"line":14,"column":11}},"15":{"start":{"line":16,"column":0},"end":{"line":16,"column":1}}},"s":{"2":1,"3":3,"4":3,"6":3,"7":3,"8":3,"9":3,"10":3,"11":3,"12":3,"13":3,"15":3},"branchMap":{"0":{"type":"branch","line":3,"loc":{"start":{"line":3,"column":32},"end":{"line":16,"column":1}},"locations":[{"start":{"line":3,"column":32},"end":{"line":16,"column":1}}]},"1":{"type":"branch","line":5,"loc":{"start":{"line":5,"column":26},"end":{"line":5,"column":50}},"locations":[{"start":{"line":5,"column":26},"end":{"line":5,"column":50}}]},"2":{"type":"branch","line":5,"loc":{"start":{"line":5,"column":53},"end":{"line":5,"column":60}},"locations":[{"start":{"line":5,"column":53},"end":{"line":5,"column":60}}]},"3":{"type":"branch","line":9,"loc":{"start":{"line":9,"column":17},"end":{"line":12,"column":16}},"locations":[{"start":{"line":9,"column":17},"end":{"line":12,"column":16}}]},"4":{"type":"branch","line":10,"loc":{"start":{"line":10,"column":47},"end":{"line":10,"column":55}},"locations":[{"start":{"line":10,"column":47},"end":{"line":10,"column":55}}]},"5":{"type":"branch","line":10,"loc":{"start":{"line":10,"column":51},"end":{"line":10,"column":59}},"locations":[{"start":{"line":10,"column":51},"end":{"line":10,"column":59}}]}},"b":{"0":[3],"1":[2],"2":[1],"3":[3],"4":[2],"5":[1]},"fnMap":{"0":{"name":"CustomGraphLabel","decl":{"start":{"line":3,"column":32},"end":{"line":16,"column":1}},"loc":{"start":{"line":3,"column":32},"end":{"line":16,"column":1}},"line":3}},"f":{"0":3}}
,"C:\\Users\\PC Gamer\\OneDrive\\Documentos\\GitHub\\looqbox-frontend-challenge\\src\\components\\graphs\\CustomTooltip.tsx": {"path":"C:\\Users\\PC Gamer\\OneDrive\\Documentos\\GitHub\\looqbox-frontend-challenge\\src\\components\\graphs\\CustomTooltip.tsx","all":false,"statementMap":{"11":{"start":{"line":12,"column":0},"end":{"line":12,"column":75}},"12":{"start":{"line":13,"column":0},"end":{"line":13,"column":44}},"13":{"start":{"line":14,"column":0},"end":{"line":14,"column":35}},"14":{"start":{"line":15,"column":0},"end":{"line":15,"column":12}},"15":{"start":{"line":16,"column":0},"end":{"line":16,"column":68}},"16":{"start":{"line":17,"column":0},"end":{"line":17,"column":66}},"17":{"start":{"line":18,"column":0},"end":{"line":18,"column":41}},"18":{"start":{"line":19,"column":0},"end":{"line":19,"column":40}},"19":{"start":{"line":20,"column":0},"end":{"line":20,"column":12}},"20":{"start":{"line":21,"column":0},"end":{"line":21,"column":12}},"22":{"start":{"line":23,"column":0},"end":{"line":23,"column":3}},"23":{"start":{"line":24,"column":0},"end":{"line":24,"column":13}},"24":{"start":{"line":25,"column":0},"end":{"line":25,"column":1}}},"s":{"11":1,"12":3,"13":1,"14":1,"15":1,"16":1,"17":1,"18":1,"19":1,"20":1,"22":1,"23":2,"24":2},"branchMap":{"0":{"type":"branch","line":12,"loc":{"start":{"line":12,"column":29},"end":{"line":25,"column":1}},"locations":[{"start":{"line":12,"column":29},"end":{"line":25,"column":1}}]},"1":{"type":"branch","line":13,"loc":{"start":{"line":13,"column":6},"end":{"line":13,"column":27}},"locations":[{"start":{"line":13,"column":6},"end":{"line":13,"column":27}}]},"2":{"type":"branch","line":13,"loc":{"start":{"line":13,"column":16},"end":{"line":13,"column":43}},"locations":[{"start":{"line":13,"column":16},"end":{"line":13,"column":43}}]},"3":{"type":"branch","line":13,"loc":{"start":{"line":13,"column":43},"end":{"line":23,"column":3}},"locations":[{"start":{"line":13,"column":43},"end":{"line":23,"column":3}}]},"4":{"type":"branch","line":23,"loc":{"start":{"line":23,"column":2},"end":{"line":25,"column":1}},"locations":[{"start":{"line":23,"column":2},"end":{"line":25,"column":1}}]}},"b":{"0":[3],"1":[1],"2":[1],"3":[1],"4":[2]},"fnMap":{"0":{"name":"CustomTooltip","decl":{"start":{"line":12,"column":29},"end":{"line":25,"column":1}},"loc":{"start":{"line":12,"column":29},"end":{"line":25,"column":1}},"line":12}},"f":{"0":3}}
,"C:\\Users\\PC Gamer\\OneDrive\\Documentos\\GitHub\\looqbox-frontend-challenge\\src\\components\\graphs\\StatsChart.tsx": {"path":"C:\\Users\\PC Gamer\\OneDrive\\Documentos\\GitHub\\looqbox-frontend-challenge\\src\\components\\graphs\\StatsChart.tsx","all":false,"statementMap":{"0":{"start":{"line":1,"column":0},"end":{"line":1,"column":8}},"10":{"start":{"line":11,"column":0},"end":{"line":11,"column":53}},"11":{"start":{"line":12,"column":0},"end":{"line":12,"column":47}},"13":{"start":{"line":14,"column":0},"end":{"line":14,"column":62}},"14":{"start":{"line":15,"column":0},"end":{"line":15,"column":42}},"15":{"start":{"line":16,"column":0},"end":{"line":16,"column":42}},"16":{"start":{"line":17,"column":0},"end":{"line":17,"column":26}},"17":{"start":{"line":18,"column":0},"end":{"line":18,"column":18}},"18":{"start":{"line":19,"column":0},"end":{"line":19,"column":5}},"20":{"start":{"line":21,"column":0},"end":{"line":21,"column":10}},"21":{"start":{"line":22,"column":0},"end":{"line":22,"column":52}},"22":{"start":{"line":23,"column":0},"end":{"line":23,"column":71}},"23":{"start":{"line":24,"column":0},"end":{"line":24,"column":35}},"24":{"start":{"line":25,"column":0},"end":{"line":25,"column":68}},"25":{"start":{"line":26,"column":0},"end":{"line":26,"column":69}},"26":{"start":{"line":27,"column":0},"end":{"line":27,"column":14}},"27":{"start":{"line":28,"column":0},"end":{"line":28,"column":25}},"28":{"start":{"line":29,"column":0},"end":{"line":29,"column":26}},"29":{"start":{"line":30,"column":0},"end":{"line":30,"column":24}},"30":{"start":{"line":31,"column":0},"end":{"line":31,"column":27}},"31":{"start":{"line":32,"column":0},"end":{"line":32,"column":10}},"32":{"start":{"line":33,"column":0},"end":{"line":33,"column":47}},"33":{"start":{"line":34,"column":0},"end":{"line":34,"column":19}},"34":{"start":{"line":35,"column":0},"end":{"line":35,"column":26}},"36":{"start":{"line":37,"column":0},"end":{"line":37,"column":1}}},"s":{"0":1,"10":1,"11":1,"13":1,"14":15,"15":20,"16":20,"17":20,"18":15,"20":15,"21":15,"22":15,"23":15,"24":15,"25":15,"26":15,"27":15,"28":15,"29":15,"30":15,"31":15,"32":15,"33":15,"34":15,"36":15},"branchMap":{"0":{"type":"branch","line":14,"loc":{"start":{"line":14,"column":26},"end":{"line":37,"column":1}},"locations":[{"start":{"line":14,"column":26},"end":{"line":37,"column":1}}]},"1":{"type":"branch","line":15,"loc":{"start":{"line":15,"column":30},"end":{"line":19,"column":4}},"locations":[{"start":{"line":15,"column":30},"end":{"line":19,"column":4}}]}},"b":{"0":[15],"1":[20]},"fnMap":{"0":{"name":"StatsChart","decl":{"start":{"line":14,"column":26},"end":{"line":37,"column":1}},"loc":{"start":{"line":14,"column":26},"end":{"line":37,"column":1}},"line":14}},"f":{"0":15}}
,"C:\\Users\\PC Gamer\\OneDrive\\Documentos\\GitHub\\looqbox-frontend-challenge\\src\\components\\icons\\LoadingIcon.tsx": {"path":"C:\\Users\\PC Gamer\\OneDrive\\Documentos\\GitHub\\looqbox-frontend-challenge\\src\\components\\icons\\LoadingIcon.tsx","all":false,"statementMap":{"0":{"start":{"line":1,"column":0},"end":{"line":1,"column":34}},"1":{"start":{"line":2,"column":0},"end":{"line":2,"column":10}},"2":{"start":{"line":3,"column":0},"end":{"line":3,"column":8}},"3":{"start":{"line":4,"column":0},"end":{"line":4,"column":18}},"4":{"start":{"line":5,"column":0},"end":{"line":5,"column":19}},"5":{"start":{"line":6,"column":0},"end":{"line":6,"column":25}},"6":{"start":{"line":7,"column":0},"end":{"line":7,"column":17}},"7":{"start":{"line":8,"column":0},"end":{"line":8,"column":40}},"8":{"start":{"line":9,"column":0},"end":{"line":9,"column":30}},"10":{"start":{"line":11,"column":0},"end":{"line":11,"column":11}},"11":{"start":{"line":12,"column":0},"end":{"line":12,"column":26}},"12":{"start":{"line":13,"column":0},"end":{"line":13,"column":26}},"13":{"start":{"line":14,"column":0},"end":{"line":14,"column":577}},"14":{"start":{"line":15,"column":0},"end":{"line":15,"column":22}},"15":{"start":{"line":16,"column":0},"end":{"line":16,"column":8}},"16":{"start":{"line":17,"column":0},"end":{"line":17,"column":10}},"18":{"start":{"line":19,"column":0},"end":{"line":19,"column":1}}},"s":{"0":1,"1":4,"2":4,"3":4,"4":4,"5":4,"6":4,"7":4,"8":4,"10":4,"11":4,"12":4,"13":4,"14":4,"15":4,"16":4,"18":4},"branchMap":{"0":{"type":"branch","line":1,"loc":{"start":{"line":1,"column":27},"end":{"line":19,"column":1}},"locations":[{"start":{"line":1,"column":27},"end":{"line":19,"column":1}}]}},"b":{"0":[4]},"fnMap":{"0":{"name":"LoadingIcon","decl":{"start":{"line":1,"column":27},"end":{"line":19,"column":1}},"loc":{"start":{"line":1,"column":27},"end":{"line":19,"column":1}},"line":1}},"f":{"0":4}}
,"C:\\Users\\PC Gamer\\OneDrive\\Documentos\\GitHub\\looqbox-frontend-challenge\\src\\hooks\\redux.ts": {"path":"C:\\Users\\PC Gamer\\OneDrive\\Documentos\\GitHub\\looqbox-frontend-challenge\\src\\hooks\\redux.ts","all":false,"statementMap":{"0":{"start":{"line":1,"column":0},"end":{"line":1,"column":54}},"4":{"start":{"line":5,"column":0},"end":{"line":5,"column":62}},"5":{"start":{"line":6,"column":0},"end":{"line":6,"column":74}}},"s":{"0":1,"4":1,"5":1},"branchMap":{"0":{"type":"branch","line":5,"loc":{"start":{"line":5,"column":30},"end":{"line":5,"column":62}},"locations":[{"start":{"line":5,"column":30},"end":{"line":5,"column":62}}]}},"b":{"0":[95]},"fnMap":{"0":{"name":"useAppDispatch","decl":{"start":{"line":5,"column":30},"end":{"line":5,"column":62}},"loc":{"start":{"line":5,"column":30},"end":{"line":5,"column":62}},"line":5}},"f":{"0":95}}
,"C:\\Users\\PC Gamer\\OneDrive\\Documentos\\GitHub\\looqbox-frontend-challenge\\src\\hooks\\useGetPokemonDetails.ts": {"path":"C:\\Users\\PC Gamer\\OneDrive\\Documentos\\GitHub\\looqbox-frontend-challenge\\src\\hooks\\useGetPokemonDetails.ts","all":false,"statementMap":{"0":{"start":{"line":1,"column":0},"end":{"line":1,"column":48}},"1":{"start":{"line":2,"column":0},"end":{"line":2,"column":57}},"6":{"start":{"line":7,"column":0},"end":{"line":7,"column":51}},"7":{"start":{"line":8,"column":0},"end":{"line":8,"column":18}},"16":{"start":{"line":17,"column":0},"end":{"line":17,"column":5}},"17":{"start":{"line":18,"column":0},"end":{"line":18,"column":30}},"18":{"start":{"line":19,"column":0},"end":{"line":19,"column":35}},"19":{"start":{"line":20,"column":0},"end":{"line":20,"column":18}},"20":{"start":{"line":21,"column":0},"end":{"line":21,"column":4}},"21":{"start":{"line":22,"column":0},"end":{"line":22,"column":1}}},"s":{"0":1,"1":1,"6":1,"7":16,"16":16,"17":16,"18":16,"19":16,"20":16,"21":16},"branchMap":{"0":{"type":"branch","line":7,"loc":{"start":{"line":7,"column":7},"end":{"line":22,"column":1}},"locations":[{"start":{"line":7,"column":7},"end":{"line":22,"column":1}}]}},"b":{"0":[16]},"fnMap":{"0":{"name":"useGetPokemonDetails","decl":{"start":{"line":7,"column":7},"end":{"line":22,"column":1}},"loc":{"start":{"line":7,"column":7},"end":{"line":22,"column":1}},"line":7},"1":{"name":"queryFn","decl":{"start":{"line":19,"column":13},"end":{"line":19,"column":35}},"loc":{"start":{"line":19,"column":13},"end":{"line":19,"column":35}},"line":19}},"f":{"0":16,"1":0}}
,"C:\\Users\\PC Gamer\\OneDrive\\Documentos\\GitHub\\looqbox-frontend-challenge\\src\\hooks\\useGetPokemonMovesDetails.ts": {"path":"C:\\Users\\PC Gamer\\OneDrive\\Documentos\\GitHub\\looqbox-frontend-challenge\\src\\hooks\\useGetPokemonMovesDetails.ts","all":false,"statementMap":{"0":{"start":{"line":1,"column":0},"end":{"line":1,"column":48}},"1":{"start":{"line":2,"column":0},"end":{"line":2,"column":62}},"3":{"start":{"line":4,"column":0},"end":{"line":4,"column":53}},"4":{"start":{"line":5,"column":0},"end":{"line":5,"column":38}},"5":{"start":{"line":6,"column":0},"end":{"line":6,"column":28}},"6":{"start":{"line":7,"column":0},"end":{"line":7,"column":39}},"7":{"start":{"line":8,"column":0},"end":{"line":8,"column":19}},"8":{"start":{"line":9,"column":0},"end":{"line":9,"column":4}},"9":{"start":{"line":10,"column":0},"end":{"line":10,"column":1}}},"s":{"0":1,"1":1,"3":1,"4":9,"5":9,"6":9,"7":9,"8":9,"9":9},"branchMap":{"0":{"type":"branch","line":4,"loc":{"start":{"line":4,"column":7},"end":{"line":10,"column":1}},"locations":[{"start":{"line":4,"column":7},"end":{"line":10,"column":1}}]}},"b":{"0":[9]},"fnMap":{"0":{"name":"usePokemonMovesDetails","decl":{"start":{"line":4,"column":7},"end":{"line":10,"column":1}},"loc":{"start":{"line":4,"column":7},"end":{"line":10,"column":1}},"line":4},"1":{"name":"queryFn","decl":{"start":{"line":7,"column":13},"end":{"line":7,"column":39}},"loc":{"start":{"line":7,"column":13},"end":{"line":7,"column":39}},"line":7}},"f":{"0":9,"1":0}}
,"C:\\Users\\PC Gamer\\OneDrive\\Documentos\\GitHub\\looqbox-frontend-challenge\\src\\hooks\\usePokemonList.ts": {"path":"C:\\Users\\PC Gamer\\OneDrive\\Documentos\\GitHub\\looqbox-frontend-challenge\\src\\hooks\\usePokemonList.ts","all":false,"statementMap":{"0":{"start":{"line":1,"column":0},"end":{"line":1,"column":66}},"1":{"start":{"line":2,"column":0},"end":{"line":2,"column":56}},"2":{"start":{"line":3,"column":0},"end":{"line":3,"column":75}},"3":{"start":{"line":4,"column":0},"end":{"line":4,"column":71}},"5":{"start":{"line":6,"column":0},"end":{"line":6,"column":34}},"6":{"start":{"line":7,"column":0},"end":{"line":7,"column":35}},"7":{"start":{"line":8,"column":0},"end":{"line":8,"column":67}},"8":{"start":{"line":9,"column":0},"end":{"line":9,"column":29}},"9":{"start":{"line":10,"column":0},"end":{"line":10,"column":3}},"11":{"start":{"line":12,"column":0},"end":{"line":12,"column":50}},"12":{"start":{"line":13,"column":0},"end":{"line":13,"column":66}},"13":{"start":{"line":14,"column":0},"end":{"line":14,"column":18}},"14":{"start":{"line":15,"column":0},"end":{"line":15,"column":27}},"15":{"start":{"line":16,"column":0},"end":{"line":16,"column":41}},"16":{"start":{"line":17,"column":0},"end":{"line":17,"column":21}},"17":{"start":{"line":18,"column":0},"end":{"line":18,"column":32}},"18":{"start":{"line":19,"column":0},"end":{"line":19,"column":8}},"19":{"start":{"line":20,"column":0},"end":{"line":20,"column":38}},"20":{"start":{"line":21,"column":0},"end":{"line":21,"column":4}},"22":{"start":{"line":23,"column":0},"end":{"line":23,"column":46}},"23":{"start":{"line":24,"column":0},"end":{"line":24,"column":34}},"24":{"start":{"line":25,"column":0},"end":{"line":25,"column":3}},"26":{"start":{"line":27,"column":0},"end":{"line":27,"column":50}},"27":{"start":{"line":28,"column":0},"end":{"line":28,"column":35}},"28":{"start":{"line":29,"column":0},"end":{"line":29,"column":3}},"30":{"start":{"line":31,"column":0},"end":{"line":31,"column":10}},"31":{"start":{"line":32,"column":0},"end":{"line":32,"column":13}},"32":{"start":{"line":33,"column":0},"end":{"line":33,"column":16}},"33":{"start":{"line":34,"column":0},"end":{"line":34,"column":17}},"34":{"start":{"line":35,"column":0},"end":{"line":35,"column":21}},"35":{"start":{"line":36,"column":0},"end":{"line":36,"column":25}},"36":{"start":{"line":37,"column":0},"end":{"line":37,"column":3}},"37":{"start":{"line":38,"column":0},"end":{"line":38,"column":1}}},"s":{"0":1,"1":1,"2":1,"3":1,"5":1,"6":9,"7":9,"8":9,"9":9,"11":9,"12":9,"13":9,"14":1,"15":1,"16":1
[...]
,"20":{"type":"branch","line":145,"loc":{"start":{"line":145,"column":28},"end":{"line":146,"column":48}},"locations":[{"start":{"line":145,"column":28},"end":{"line":146,"column":48}}]},"21":{"type":"branch","line":146,"loc":{"start":{"line":146,"column":46},"end":{"line":150,"column":18}},"locations":[{"start":{"line":146,"column":46},"end":{"line":150,"column":18}}]},"22":{"type":"branch","line":47,"loc":{"start":{"line":47,"column":21},"end":{"line":58,"column":3}},"locations":[{"start":{"line":47,"column":21},"end":{"line":58,"column":3}}]},"23":{"type":"branch","line":48,"loc":{"start":{"line":48,"column":35},"end":{"line":48,"column":67}},"locations":[{"start":{"line":48,"column":35},"end":{"line":48,"column":67}}]},"24":{"type":"branch","line":49,"loc":{"start":{"line":49,"column":17},"end":{"line":52,"column":5}},"locations":[{"start":{"line":49,"column":17},"end":{"line":52,"column":5}}]},"25":{"type":"branch","line":52,"loc":{"start":{"line":52,"column":4},"end":{"line":57,"column":6}},"locations":[{"start":{"line":52,"column":4},"end":{"line":57,"column":6}}]},"26":{"type":"branch","line":55,"loc":{"start":{"line":55,"column":23},"end":{"line":57,"column":5}},"locations":[{"start":{"line":55,"column":23},"end":{"line":57,"column":5}}]},"27":{"type":"branch","line":84,"loc":{"start":{"line":84,"column":33},"end":{"line":85,"column":66}},"locations":[{"start":{"line":84,"column":33},"end":{"line":85,"column":66}}]},"28":{"type":"branch","line":93,"loc":{"start":{"line":93,"column":25},"end":{"line":93,"column":44}},"locations":[{"start":{"line":93,"column":25},"end":{"line":93,"column":44}}]},"29":{"type":"branch","line":102,"loc":{"start":{"line":102,"column":18},"end":{"line":102,"column":50}},"locations":[{"start":{"line":102,"column":18},"end":{"line":102,"column":50}}]},"30":{"type":"branch","line":160,"loc":{"start":{"line":160,"column":33},"end":{"line":166,"column":18}},"locations":[{"start":{"line":160,"column":33},"end":{"line":166,"column":18}}]},"31":{"type":"branch","line":180,"loc":{"start":{"line":180,"column":33},"end":{"line":198,"column":19}},"locations":[{"start":{"line":180,"column":33},"end":{"line":198,"column":19}}]},"32":{"type":"branch","line":182,"loc":{"start":{"line":182,"column":72},"end":{"line":183,"column":34}},"locations":[{"start":{"line":182,"column":72},"end":{"line":183,"column":34}}]},"33":{"type":"branch","line":183,"loc":{"start":{"line":183,"column":26},"end":{"line":183,"column":46}},"locations":[{"start":{"line":183,"column":26},"end":{"line":183,"column":46}}]},"34":{"type":"branch","line":187,"loc":{"start":{"line":187,"column":22},"end":{"line":187,"column":41}},"locations":[{"start":{"line":187,"column":22},"end":{"line":187,"column":41}}]},"35":{"type":"branch","line":187,"loc":{"start":{"line":187,"column":25},"end":{"line":187,"column":67}},"locations":[{"start":{"line":187,"column":25},"end":{"line":187,"column":67}}]},"36":{"type":"branch","line":182,"loc":{"start":{"line":182,"column":41},"end":{"line":182,"column":72}},"locations":[{"start":{"line":182,"column":41},"end":{"line":182,"column":72}}]},"37":{"type":"branch","line":186,"loc":{"start":{"line":186,"column":24},"end":{"line":186,"column":56}},"locations":[{"start":{"line":186,"column":24},"end":{"line":186,"column":56}}]}},"b":{"0":[16],"1":[1],"2":[15],"3":[14],"4":[14],"5":[14],"6":[14],"7":[14],"8":[1],"9":[14],"10":[1],"11":[14],"12":[0],"13":[14],"14":[14],"15":[14],"16":[0],"17":[14],"18":[0],"19":[14],"20":[1],"21":[13],"22":[4],"23":[2],"24":[1],"25":[3],"26":[1],"27":[14],"28":[4],"29":[1],"30":[14],"31":[4],"32":[1],"33":[3],"34":[1],"35":[3],"36":[3],"37":[3]},"fnMap":{"0":{"name":"PokemonDetail","decl":{"start":{"line":15,"column":0},"end":{"line":218,"column":1}},"loc":{"start":{"line":15,"column":0},"end":{"line":218,"column":1}},"line":15},"1":{"name":"handleRoar","decl":{"start":{"line":47,"column":21},"end":{"line":58,"column":3}},"loc":{"start":{"line":47,"column":21},"end":{"line":58,"column":3}},"line":47},"2":{"name":"onClick","decl":{"start":{"line":93,"column":25},"end":{"line":93,"column":44}},"loc":{"start":{"line":93,"column":25},"end":{"line":93,"column":44}},"line":93}},"f":{"0":16,"1":4,"2":4}}
,"C:\\Users\\PC Gamer\\OneDrive\\Documentos\\GitHub\\looqbox-frontend-challenge\\src\\routes\\index.tsx": {"path":"C:\\Users\\PC Gamer\\OneDrive\\Documentos\\GitHub\\looqbox-frontend-challenge\\src\\routes\\index.tsx","all":false,"statementMap":{"0":{"start":{"line":1,"column":0},"end":{"line":1,"column":28}},"2":{"start":{"line":3,"column":0},"end":{"line":3,"column":48}},"3":{"start":{"line":4,"column":0},"end":{"line":4,"column":66}},"4":{"start":{"line":5,"column":0},"end":{"line":5,"column":56}},"5":{"start":{"line":6,"column":0},"end":{"line":6,"column":52}},"7":{"start":{"line":8,"column":0},"end":{"line":8,"column":23}},"8":{"start":{"line":9,"column":0},"end":{"line":9,"column":3}},"9":{"start":{"line":10,"column":0},"end":{"line":10,"column":14}},"10":{"start":{"line":11,"column":0},"end":{"line":11,"column":24}},"11":{"start":{"line":12,"column":0},"end":{"line":12,"column":15}},"12":{"start":{"line":13,"column":0},"end":{"line":13,"column":41}},"13":{"start":{"line":14,"column":0},"end":{"line":14,"column":58}},"14":{"start":{"line":15,"column":0},"end":{"line":15,"column":43}},"15":{"start":{"line":16,"column":0},"end":{"line":16,"column":6}},"16":{"start":{"line":17,"column":0},"end":{"line":17,"column":4}},"17":{"start":{"line":18,"column":0},"end":{"line":18,"column":1}}},"s":{"0":1,"2":1,"3":1,"4":1,"5":1,"7":1,"8":1,"9":1,"10":1,"11":1,"12":1,"13":1,"14":1,"15":1,"16":1,"17":1},"branchMap":{"0":{"type":"branch","line":6,"loc":{"start":{"line":6,"column":20},"end":{"line":6,"column":52}},"locations":[{"start":{"line":6,"column":20},"end":{"line":6,"column":52}}]}},"b":{"0":[1]},"fnMap":{},"f":{}}
,"C:\\Users\\PC Gamer\\OneDrive\\Documentos\\GitHub\\looqbox-frontend-challenge\\src\\store\\index.ts": {"path":"C:\\Users\\PC Gamer\\OneDrive\\Documentos\\GitHub\\looqbox-frontend-challenge\\src\\store\\index.ts","all":false,"statementMap":{"0":{"start":{"line":1,"column":0},"end":{"line":1,"column":49}},"1":{"start":{"line":2,"column":0},"end":{"line":2,"column":43}},"3":{"start":{"line":4,"column":0},"end":{"line":4,"column":37}},"4":{"start":{"line":5,"column":0},"end":{"line":5,"column":12}},"5":{"start":{"line":6,"column":0},"end":{"line":6,"column":28}},"6":{"start":{"line":7,"column":0},"end":{"line":7,"column":4}},"7":{"start":{"line":8,"column":0},"end":{"line":8,"column":2}}},"s":{"0":1,"1":1,"3":1,"4":1,"5":1,"6":1,"7":1},"branchMap":{},"b":{},"fnMap":{},"f":{}}
,"C:\\Users\\PC Gamer\\OneDrive\\Documentos\\GitHub\\looqbox-frontend-challenge\\src\\store\\pokemonSlice.ts": {"path":"C:\\Users\\PC Gamer\\OneDrive\\Documentos\\GitHub\\looqbox-frontend-challenge\\src\\store\\pokemonSlice.ts","all":false,"statementMap":{"0":{"start":{"line":1,"column":0},"end":{"line":1,"column":46}},"9":{"start":{"line":10,"column":0},"end":{"line":10,"column":36}},"10":{"start":{"line":11,"column":0},"end":{"line":11,"column":17}},"11":{"start":{"line":12,"column":0},"end":{"line":12,"column":19}},"12":{"start":{"line":13,"column":0},"end":{"line":13,"column":17}},"13":{"start":{"line":14,"column":0},"end":{"line":14,"column":1}},"15":{"start":{"line":16,"column":0},"end":{"line":16,"column":34}},"16":{"start":{"line":17,"column":0},"end":{"line":17,"column":18}},"17":{"start":{"line":18,"column":0},"end":{"line":18,"column":15}},"18":{"start":{"line":19,"column":0},"end":{"line":19,"column":13}},"19":{"start":{"line":20,"column":0},"end":{"line":20,"column":63}},"20":{"start":{"line":21,"column":0},"end":{"line":21,"column":40}},"21":{"start":{"line":22,"column":0},"end":{"line":22,"column":6}},"22":{"start":{"line":23,"column":0},"end":{"line":23,"column":64}},"23":{"start":{"line":24,"column":0},"end":{"line":24,"column":41}},"24":{"start":{"line":25,"column":0},"end":{"line":25,"column":27}},"25":{"start":{"line":26,"column":0},"end":{"line":26,"column":6}},"26":{"start":{"line":27,"column":0},"end":{"line":27,"column":62}},"27":{"start":{"line":28,"column":0},"end":{"line":28,"column":39}},"28":{"start":{"line":29,"column":0},"end":{"line":29,"column":27}},"29":{"start":{"line":30,"column":0},"end":{"line":30,"column":6}},"30":{"start":{"line":31,"column":0},"end":{"line":31,"column":4}},"31":{"start":{"line":32,"column":0},"end":{"line":32,"column":2}},"33":{"start":{"line":34,"column":0},"end":{"line":34,"column":65}},"34":{"start":{"line":35,"column":0},"end":{"line":35,"column":22}},"35":{"start":{"line":36,"column":0},"end":{"line":36,"column":35}}},"s":{"0":1,"9":1,"10":1,"11":1,"12":1,"13":1,"15":1,"16":1,"17":1,"18":1,"19":1,"20":9,"21":9,"22":1,"23":6,"24":6,"25":6,"26":1,"27":14,"28":14,"29":14,"30":1,"31":1,"33":1,"34":1,"35":1},"branchMap":{"0":{"type":"branch","line":20,"loc":{"start":{"line":20,"column":20},"end":{"line":22,"column":6}},"locations":[{"start":{"line":20,"column":20},"end":{"line":22,"column":6}}]},"1":{"type":"branch","line":23,"loc":{"start":{"line":23,"column":21},"end":{"line":26,"column":6}},"locations":[{"start":{"line":23,"column":21},"end":{"line":26,"column":6}}]},"2":{"type":"branch","line":27,"loc":{"start":{"line":27,"column":19},"end":{"line":30,"column":6}},"locations":[{"start":{"line":27,"column":19},"end":{"line":30,"column":6}}]}},"b":{"0":[9],"1":[6],"2":[14]},"fnMap":{"0":{"name":"setCurrentPage","decl":{"start":{"line":20,"column":20},"end":{"line":22,"column":6}},"loc":{"start":{"line":20,"column":20},"end":{"line":22,"column":6}},"line":20},"1":{"name":"setItemsPerPage","decl":{"start":{"line":23,"column":21},"end":{"line":26,"column":6}},"loc":{"start":{"line":23,"column":21},"end":{"line":26,"column":6}},"line":23},"2":{"name":"setSearchTerm","decl":{"start":{"line":27,"column":19},"end":{"line":30,"column":6}},"loc":{"start":{"line":27,"column":19},"end":{"line":30,"column":6}},"line":27}},"f":{"0":9,"1":6,"2":14}}
,"C:\\Users\\PC Gamer\\OneDrive\\Documentos\\GitHub\\looqbox-frontend-challenge\\src\\tokens\\themeToken.ts": {"path":"C:\\Users\\PC Gamer\\OneDrive\\Documentos\\GitHub\\looqbox-frontend-challenge\\src\\tokens\\themeToken.ts","all":false,"statementMap":{"0":{"start":{"line":1,"column":0},"end":{"line":1,"column":27}},"1":{"start":{"line":2,"column":0},"end":{"line":2,"column":26}},"2":{"start":{"line":3,"column":0},"end":{"line":3,"column":31}},"3":{"start":{"line":4,"column":0},"end":{"line":4,"column":32}},"4":{"start":{"line":5,"column":0},"end":{"line":5,"column":37}},"5":{"start":{"line":6,"column":0},"end":{"line":6,"column":28}},"6":{"start":{"line":7,"column":0},"end":{"line":7,"column":25}},"7":{"start":{"line":8,"column":0},"end":{"line":8,"column":1}}},"s":{"0":1,"1":1,"2":1,"3":1,"4":1,"5":1,"6":1,"7":1},"branchMap":{},"b":{},"fnMap":{},"f":{}}
,"C:\\Users\\PC Gamer\\OneDrive\\Documentos\\GitHub\\looqbox-frontend-challenge\\src\\tokens\\typeColorsToken.ts": {"path":"C:\\Users\\PC Gamer\\OneDrive\\Documentos\\GitHub\\looqbox-frontend-challenge\\src\\tokens\\typeColorsToken.ts","all":false,"statementMap":{"0":{"start":{"line":1,"column":0},"end":{"line":1,"column":56}},"1":{"start":{"line":2,"column":0},"end":{"line":2,"column":20}},"2":{"start":{"line":3,"column":0},"end":{"line":3,"column":18}},"3":{"start":{"line":4,"column":0},"end":{"line":4,"column":19}},"4":{"start":{"line":5,"column":0},"end":{"line":5,"column":22}},"5":{"start":{"line":6,"column":0},"end":{"line":6,"column":19}},"6":{"start":{"line":7,"column":0},"end":{"line":7,"column":17}},"7":{"start":{"line":8,"column":0},"end":{"line":8,"column":19}},"8":{"start":{"line":9,"column":0},"end":{"line":9,"column":20}},"9":{"start":{"line":10,"column":0},"end":{"line":10,"column":20}},"10":{"start":{"line":11,"column":0},"end":{"line":11,"column":20}},"11":{"start":{"line":12,"column":0},"end":{"line":12,"column":21}},"12":{"start":{"line":13,"column":0},"end":{"line":13,"column":17}},"13":{"start":{"line":14,"column":0},"end":{"line":14,"column":18}},"14":{"start":{"line":15,"column":0},"end":{"line":15,"column":19}},"15":{"start":{"line":16,"column":0},"end":{"line":16,"column":20}},"16":{"start":{"line":17,"column":0},"end":{"line":17,"column":18}},"17":{"start":{"line":18,"column":0},"end":{"line":18,"column":19}},"18":{"start":{"line":19,"column":0},"end":{"line":19,"column":19}},"19":{"start":{"line":20,"column":0},"end":{"line":20,"column":1}}},"s":{"0":1,"1":1,"2":1,"3":1,"4":1,"5":1,"6":1,"7":1,"8":1,"9":1,"10":1,"11":1,"12":1,"13":1,"14":1,"15":1,"16":1,"17":1,"18":1,"19":1},"branchMap":{},"b":{},"fnMap":{},"f":{}}
,"C:\\Users\\PC Gamer\\OneDrive\\Documentos\\GitHub\\looqbox-frontend-challenge\\src\\utils\\api.ts": {"path":"C:\\Users\\PC Gamer\\OneDrive\\Documentos\\GitHub\\looqbox-frontend-challenge\\src\\utils\\api.ts","all":false,"statementMap":{"0":{"start":{"line":1,"column":0},"end":{"line":1,"column":25}},"2":{"start":{"line":3,"column":0},"end":{"line":3,"column":33}},"3":{"start":{"line":4,"column":0},"end":{"line":4,"column":40}},"4":{"start":{"line":5,"column":0},"end":{"line":5,"column":2}}},"s":{"0":1,"2":1,"3":1,"4":1},"branchMap":{},"b":{},"fnMap":{},"f":{}}
,"C:\\Users\\PC Gamer\\OneDrive\\Documentos\\GitHub\\looqbox-frontend-challenge\\src\\utils\\getSpriteUrl.ts": {"path":"C:\\Users\\PC Gamer\\OneDrive\\Documentos\\GitHub\\looqbox-frontend-challenge\\src\\utils\\getSpriteUrl.ts","all":false,"statementMap":{"2":{"start":{"line":3,"column":0},"end":{"line":3,"column":51}},"3":{"start":{"line":4,"column":0},"end":{"line":4,"column":22}},"4":{"start":{"line":5,"column":0},"end":{"line":5,"column":38}},"5":{"start":{"line":6,"column":0},"end":{"line":6,"column":67}},"6":{"start":{"line":7,"column":0},"end":{"line":7,"column":22}},"8":{"start":{"line":9,"column":0},"end":{"line":9,"column":24}},"9":{"start":{"line":10,"column":0},"end":{"line":10,"column":75}},"10":{"start":{"line":11,"column":0},"end":{"line":11,"column":37}},"12":{"start":{"line":13,"column":0},"end":{"line":13,"column":41}},"13":{"start":{"line":14,"column":0},"end":{"line":14,"column":1}}},"s":{"2":1,"3":21,"4":21,"5":3,"6":2,"8":21,"9":21,"10":21,"12":21,"13":21},"branchMap":{"0":{"type":"branch","line":3,"loc":{"start":{"line":3,"column":28},"end":{"line":14,"column":1}},"locations":[{"start":{"line":3,"column":28},"end":{"line":14,"column":1}}]},"1":{"type":"branch","line":5,"loc":{"start":{"line":5,"column":22},"end":{"line":6,"column":67}},"locations":[{"start":{"line":5,"column":22},"end":{"line":6,"column":67}}]},"2":{"type":"branch","line":6,"loc":{"start":{"line":6,"column":51},"end":{"line":7,"column":22}},"locations":[{"start":{"line":6,"column":51},"end":{"line":7,"column":22}}]},"3":{"type":"branch","line":11,"loc":{"start":{"line":11,"column":8},"end":{"line":11,"column":37}},"locations":[{"start":{"line":11,"column":8},"end":{"line":11,"column":37}}]}},"b":{"0":[21],"1":[3],"2":[2],"3":[4]},"fnMap":{"0":{"name":"getSpriteUrl","decl":{"start":{"line":3,"column":28},"end":{"line":14,"column":1}},"loc":{"start":{"line":3,"column":28},"end":{"line":14,"column":1}},"line":3}},"f":{"0":21}}
,"C:\\Users\\PC Gamer\\OneDrive\\Documentos\\GitHub\\looqbox-frontend-challenge\\src\\utils\\getTypeEffectiveness.ts": {"path":"C:\\Users\\PC Gamer\\OneDrive\\Documentos\\GitHub\\looqbox-frontend-challenge\\src\\utils\\getTypeEffectiveness.ts","all":false,"statementMap":{"4":{"start":{"line":5,"column":0},"end":{"line":5,"column":43}},"5":{"start":{"line":6,"column":0},"end":{"line":6,"column":22}},"6":{"start":{"line":7,"column":0},"end":{"line":7,"column":28}},"7":{"start":{"line":8,"column":0},"end":{"line":8,"column":51}},"9":{"start":{"line":10,"column":0},"end":{"line":10,"column":27}},"10":{"start":{"line":11,"column":0},"end":{"line":11,"column":61}},"11":{"start":{"line":12,"column":0},"end":{"line":12,"column":68}},"12":{"start":{"line":13,"column":0},"end":{"line":13,"column":6}},"14":{"start":{"line":15,"column":0},"end":{"line":15,"column":59}},"15":{"start":{"line":16,"column":0},"end":{"line":16,"column":70}},"16":{"start":{"line":17,"column":0},"end":{"line":17,"column":6}},"18":{"start":{"line":19,"column":0},"end":{"line":19,"column":57}},"19":{"start":{"line":20,"column":0},"end":{"line":20,"column":34}},"20":{"start":{"line":21,"column":0},"end":{"line":21,"column":6}},"21":{"start":{"line":22,"column":0},"end":{"line":22,"column":4}},"23":{"start":{"line":24,"column":0},"end":{"line":24,"column":25}},"24":{"start":{"line":25,"column":0},"end":{"line":25,"column":1}}},"s":{"4":1,"5":29,"6":29,"7":29,"9":29,"10":30,"11":10,"12":30,"14":30,"15":7,"16":30,"18":30,"19":4,"20":30,"21":29,"23":29,"24":29},"branchMap":{"0":{"type":"branch","line":5,"loc":{"start":{"line":5,"column":42},"end":{"line":25,"column":1}},"locations":[{"start":{"line":5,"column":42},"end":{"line":25,"column":1}}]},"1":{"type":"branch","line":10,"loc":{"start":{"line":10,"column":16},"end":{"line":22,"column":3}},"locations":[{"start":{"line":10,"column":16},"end":{"line":22,"column":3}}]},"2":{"type":"branch","line":11,"loc":{"start":{"line":11,"column":53},"end":{"line":13,"column":5}},"locations":[{"start":{"line":11,"column":53},"end":{"line":13,"column":5}}]},"3":{"type":"branch","line":12,"loc":{"start":{"line":12,"column":57},"end":{"line":12,"column":67}},"locations":[{"start":{"line":12,"column":57},"end":{"line":12,"column":67}}]},"4":{"type":"branch","line":15,"loc":{"start":{"line":15,"column":51},"end":{"line":17,"column":5}},"locations":[{"start":{"line":15,"column":51},"end":{"line":17,"column":5}}]},"5":{"type":"branch","line":16,"loc":{"start":{"line":16,"column":57},"end":{"line":16,"column":67}},"locations":[{"start":{"line":16,"column":57},"end":{"line":16,"column":67}}]},"6":{"type":"branch","line":19,"loc":{"start":{"line":19,"column":49},"end":{"line":21,"column":5}},"locations":[{"start":{"line":19,"column":49},"end":{"line":21,"column":5}}]}},"b":{"0":[29],"1":[30],"2":[10],"3":[8],"4":[7],"5":[6],"6":[4]},"fnMap":{"0":{"name":"calculateTypeEffectiveness","decl":{"start":{"line":5,"column":42},"end":{"line":25,"column":1}},"loc":{"start":{"line":5,"column":42},"end":{"line":25,"column":1}},"line":5}},"f":{"0":29}}
,"C:\\Users\\PC Gamer\\OneDrive\\Documentos\\GitHub\\looqbox-frontend-challenge\\src\\utils\\getTypes.ts": {"path":"C:\\Users\\PC Gamer\\OneDrive\\Documentos\\GitHub\\looqbox-frontend-challenge\\src\\utils\\getTypes.ts","all":false,"statementMap":{"0":{"start":{"line":1,"column":0},"end":{"line":1,"column":25}},"1":{"start":{"line":2,"column":0},"end":{"line":2,"column":11}},"2":{"start":{"line":3,"column":0},"end":{"line":3,"column":9}},"3":{"start":{"line":4,"column":0},"end":{"line":4,"column":10}},"4":{"start":{"line":5,"column":0},"end":{"line":5,"column":12}},"5":{"start":{"line":6,"column":0},"end":{"line":6,"column":10}},"6":{"start":{"line":7,"column":0},"end":{"line":7,"column":8}},"7":{"start":{"line":8,"column":0},"end":{"line":8,"column":10}},"8":{"start":{"line":9,"column":0},"end":{"line":9,"column":11}},"9":{"start":{"line":10,"column":0},"end":{"line":10,"column":11}},"10":{"start":{"line":11,"column":0},"end":{"line":11,"column":11}},"11":{"start":{"line":12,"column":0},"end":{"line":12,"column":12}},"12":{"start":{"line":13,"column":0},"end":{"line":13,"column":8}},"13":{"start":{"line":14,"column":0},"end":{"line":14,"column":9}},"14":{"start":{"line":15,"column":0},"end":{"line":15,"column":10}},"15":{"start":{"line":16,"column":0},"end":{"line":16,"column":11}},"16":{"start":{"line":17,"column":0},"end":{"line":17,"column":9}},"17":{"start":{"line":18,"column":0},"end":{"line":18,"column":10}},"18":{"start":{"line":19,"column":0},"end":{"line":19,"column":10}},"19":{"start":{"line":20,"column":0},"end":{"line":20,"column":1}}},"s":{"0":1,"1":1,"2":1,"3":1,"4":1,"5":1,"6":1,"7":1,"8":1,"9":1,"10":1,"11":1,"12":1,"13":1,"14":1,"15":1,"16":1,"17":1,"18":1,"19":1},"branchMap":{},"b":{},"fnMap":{},"f":{}}
}
