TN:
SF:src/components/pokemon/PokemonCard.tsx
FN:15,(anonymous_0)
FN:42,(anonymous_1)
FN:94,(anonymous_2)
FNF:3
FNH:3
FNDA:3,(anonymous_0)
FNDA:1,(anonymous_1)
FNDA:6,(anonymous_2)
DA:2,1
DA:3,1
DA:5,1
DA:6,1
DA:7,1
DA:9,1
DA:15,1
DA:16,3
DA:17,3
DA:19,3
DA:20,3
DA:22,3
DA:25,3
DA:26,3
DA:28,3
DA:42,1
DA:95,6
LF:17
LH:17
BRDA:22,0,0,1
BRDA:22,0,1,2
BRDA:25,1,0,1
BRDA:25,1,1,2
BRDA:26,2,0,1
BRDA:26,2,1,2
BRDA:57,3,0,1
BRDA:57,3,1,2
BRF:8
BRH:8
end_of_record
TN:
SF:src/utils/formatName.ts
FN:1,(anonymous_0)
FN:4,(anonymous_1)
FNF:2
FNH:2
FNDA:7,(anonymous_0)
FNDA:14,(anonymous_1)
DA:1,1
DA:2,7
DA:4,14
LF:3
LH:3
BRF:0
BRH:0
end_of_record
